15:09:18 INFO  : Launching XSCT server: xsct.bat -n  -interactive C:\Workspace\Atelier2\temp_xsdb_launch_script.tcl
15:09:18 INFO  : Registering command handlers for Vitis TCF services
15:09:21 INFO  : XSCT server has started successfully.
15:09:21 INFO  : plnx-install-location is set to ''
15:09:23 INFO  : Platform repository initialization has completed.
15:09:25 INFO  : Successfully done setting XSCT server connection channel  
15:09:25 INFO  : Successfully done query RDI_DATADIR 
15:09:25 INFO  : Successfully done setting workspace for the tool. 
15:14:25 INFO  : Result from executing command 'getProjects': Exercice2_bd_wrapper
15:14:25 INFO  : Result from executing command 'getPlatforms': 
15:14:25 WARN  : An unexpected exception occurred in the module 'platform project logging'
15:14:25 INFO  : Platform 'Exercice2_bd_wrapper' is added to custom repositories.
15:14:36 INFO  : Platform 'Exercice2_bd_wrapper' is added to custom repositories.
15:18:38 INFO  : Checking for BSP changes to sync application flags for project 'pain'...
15:18:38 ERROR : Failed to openhw "C:/Workspace/Atelier2/Exercice2_bd_wrapper/export/Exercice2_bd_wrapper/hw/Exercice2_bd_wrapper.xsa"
Reason: ERROR: [Common 17-39] 'hsi::open_hw_design' failed due to earlier errors.

15:18:38 ERROR : Failed to update application flags from BSP for 'pain'. Reason: null
java.lang.NullPointerException
	at com.xilinx.sdx.sw.internal.SDxSwPlatform.<init>(SDxSwPlatform.java:305)
	at com.xilinx.sdx.sw.internal.SDxSwPlatform.create(SDxSwPlatform.java:214)
	at com.xilinx.sdx.sdk.core.util.SdkPlatformHelper.getSwPlatform(SdkPlatformHelper.java:61)
	at com.xilinx.sdx.sdk.core.build.SdkMakefileGenerationListener.getSwPlatform(SdkMakefileGenerationListener.java:160)
	at com.xilinx.sdx.sdk.core.build.SdkMakefileGenerationListener.syncAppFlags(SdkMakefileGenerationListener.java:78)
	at com.xilinx.sdx.sdk.core.build.SdkMakefileGenerationListener.preMakefileGeneration(SdkMakefileGenerationListener.java:48)
	at com.xilinx.sdk.managedbuilder.XilinxGnuMakefileGenerator.notifyPreMakefileGenerationListeners(XilinxGnuMakefileGenerator.java:91)
	at com.xilinx.sdk.managedbuilder.XilinxGnuMakefileGenerator.regenerateMakefiles(XilinxGnuMakefileGenerator.java:75)
	at org.eclipse.cdt.managedbuilder.internal.core.CommonBuilder.performMakefileGeneration(CommonBuilder.java:1006)
	at org.eclipse.cdt.managedbuilder.internal.core.CommonBuilder.performPrebuildGeneration(CommonBuilder.java:873)
	at org.eclipse.cdt.managedbuilder.internal.core.CommonBuilder.build(CommonBuilder.java:748)
	at org.eclipse.cdt.managedbuilder.internal.core.CommonBuilder.build(CommonBuilder.java:513)
	at org.eclipse.cdt.managedbuilder.internal.core.CommonBuilder.build(CommonBuilder.java:459)
	at org.eclipse.core.internal.events.BuildManager$2.run(BuildManager.java:832)
	at org.eclipse.core.runtime.SafeRunner.run(SafeRunner.java:45)
	at org.eclipse.core.internal.events.BuildManager.basicBuild(BuildManager.java:220)
	at org.eclipse.core.internal.events.BuildManager.basicBuild(BuildManager.java:263)
	at org.eclipse.core.internal.events.BuildManager$1.run(BuildManager.java:316)
	at org.eclipse.core.runtime.SafeRunner.run(SafeRunner.java:45)
	at org.eclipse.core.internal.events.BuildManager.basicBuild(BuildManager.java:319)
	at org.eclipse.core.internal.events.BuildManager.basicBuildLoop(BuildManager.java:371)
	at org.eclipse.core.internal.events.BuildManager.build(BuildManager.java:392)
	at org.eclipse.core.internal.resources.Workspace.buildInternal(Workspace.java:515)
	at org.eclipse.core.internal.resources.Workspace.build(Workspace.java:412)
	at org.eclipse.ui.actions.BuildAction$1.runInWorkspace(BuildAction.java:291)
	at org.eclipse.core.internal.resources.InternalWorkspaceJob.run(InternalWorkspaceJob.java:42)
	at org.eclipse.core.internal.jobs.Worker.run(Worker.java:63)
15:21:09 INFO  : Result from executing command 'getProjects': Exercice2_bd_wrapper
15:21:09 INFO  : Result from executing command 'getPlatforms': Exercice2_bd_wrapper|C:/Workspace/Atelier2/Exercice2_bd_wrapper/export/Exercice2_bd_wrapper/Exercice2_bd_wrapper.xpfm
15:23:43 INFO  : Checking for BSP changes to sync application flags for project 'pain'...
15:24:17 INFO  : Checking for BSP changes to sync application flags for project 'pain'...
15:24:36 INFO  : Checking for BSP changes to sync application flags for project 'pain'...
15:26:18 INFO  : Checking for BSP changes to sync application flags for project 'pain'...
15:29:17 INFO  : Connected to target on host '127.0.0.1' and port '3121'.
15:29:18 INFO  : 'targets -set -filter {jtag_cable_name =~ "Digilent Zybo Z7 210351A77E63A" && level==0 && jtag_device_ctx=="jsn-Zybo Z7-210351A77E63A-13722093-0"}' command is executed.
15:29:19 INFO  : Device configured successfully with "C:/Workspace/Atelier2/pain/_ide/bitstream/Exercice2_bd_wrapper.bit"
15:29:55 INFO  : Connected to target on host '127.0.0.1' and port '3121'.
15:29:56 INFO  : Jtag cable 'Digilent Zybo Z7 210351A77E63A' is selected.
15:29:56 INFO  : 'jtag frequency' command is executed.
15:29:56 INFO  : Context for 'APU' is selected.
15:29:56 INFO  : System reset is completed.
15:29:59 INFO  : 'after 3000' command is executed.
15:29:59 INFO  : 'targets -set -filter {jtag_cable_name =~ "Digilent Zybo Z7 210351A77E63A" && level==0 && jtag_device_ctx=="jsn-Zybo Z7-210351A77E63A-13722093-0"}' command is executed.
15:30:00 INFO  : Device configured successfully with "C:/Workspace/Atelier2/pain/_ide/bitstream/Exercice2_bd_wrapper.bit"
15:30:00 INFO  : Context for 'APU' is selected.
15:30:00 INFO  : Hardware design and registers information is loaded from 'C:/Workspace/Atelier2/Exercice2_bd_wrapper/export/Exercice2_bd_wrapper/hw/Exercice2_bd_wrapper.xsa'.
15:30:00 INFO  : 'configparams force-mem-access 1' command is executed.
15:30:00 INFO  : Context for 'APU' is selected.
15:30:00 INFO  : Sourcing of 'C:/Workspace/Atelier2/pain/_ide/psinit/ps7_init.tcl' is done.
15:30:01 INFO  : 'ps7_init' command is executed.
15:30:01 INFO  : 'ps7_post_config' command is executed.
15:30:01 INFO  : Context for processor 'ps7_cortexa9_0' is selected.
15:30:01 INFO  : The application 'C:/Workspace/Atelier2/pain/Debug/pain.elf' is downloaded to processor 'ps7_cortexa9_0'.
15:30:01 INFO  : 'configparams force-mem-access 0' command is executed.
15:30:01 INFO  : ----------------XSDB Script----------------
connect -url tcp:127.0.0.1:3121
targets -set -nocase -filter {name =~"APU*"}
rst -system
after 3000
targets -set -filter {jtag_cable_name =~ "Digilent Zybo Z7 210351A77E63A" && level==0 && jtag_device_ctx=="jsn-Zybo Z7-210351A77E63A-13722093-0"}
fpga -file C:/Workspace/Atelier2/pain/_ide/bitstream/Exercice2_bd_wrapper.bit
targets -set -nocase -filter {name =~"APU*"}
loadhw -hw C:/Workspace/Atelier2/Exercice2_bd_wrapper/export/Exercice2_bd_wrapper/hw/Exercice2_bd_wrapper.xsa -mem-ranges [list {0x40000000 0xbfffffff}] -regs
configparams force-mem-access 1
targets -set -nocase -filter {name =~"APU*"}
source C:/Workspace/Atelier2/pain/_ide/psinit/ps7_init.tcl
ps7_init
ps7_post_config
targets -set -nocase -filter {name =~ "*A9*#0"}
dow C:/Workspace/Atelier2/pain/Debug/pain.elf
configparams force-mem-access 0
----------------End of Script----------------

15:30:01 INFO  : Context for processor 'ps7_cortexa9_0' is selected.
15:30:01 INFO  : 'con' command is executed.
15:30:01 INFO  : ----------------XSDB Script (After Launch)----------------
targets -set -nocase -filter {name =~ "*A9*#0"}
con
----------------End of Script----------------

15:30:01 INFO  : Launch script is exported to file 'C:\Workspace\Atelier2\pain_system\_ide\scripts\debugger_pain-default.tcl'
15:31:20 INFO  : Disconnected from the channel tcfchan#3.
15:35:39 INFO  : Launching XSCT server: xsct.bat -n  -interactive C:\GitHub\TheLegendOfSherby\jeu\temp_xsdb_launch_script.tcl
15:35:43 INFO  : XSCT server has started successfully.
15:35:43 INFO  : plnx-install-location is set to ''
15:35:43 INFO  : Successfully done setting XSCT server connection channel  
15:35:43 INFO  : Successfully done setting workspace for the tool. 
15:35:47 INFO  : Platform repository initialization has completed.
15:35:48 INFO  : Successfully done query RDI_DATADIR 
15:35:48 INFO  : Registering command handlers for Vitis TCF services
15:36:07 INFO  : Checking for BSP changes to sync application flags for project 'pain'...
15:36:30 INFO  : Projects exported to 'C:\GitHub\TheLegendOfSherby\vitis_export_archive.ide.zip'
15:56:18 INFO  : Projects exported to 'C:\GitHub\TheLegendOfSherby\vitis_export_archive2.ide.zip'
17:07:56 INFO  : Launching XSCT server: xsct.bat -n  -interactive C:\github\TheLegendOfSherby\jeu\temp_xsdb_launch_script.tcl
17:08:00 INFO  : XSCT server has started successfully.
17:08:00 INFO  : Successfully done setting XSCT server connection channel  
17:08:00 INFO  : plnx-install-location is set to ''
17:08:00 INFO  : Successfully done setting workspace for the tool. 
17:08:05 ERROR : Error encountered while initializing user repository paths
Reason: No Platforms Found.


17:08:05 INFO  : Platform repository initialization has completed.
17:08:06 INFO  : Successfully done query RDI_DATADIR 
17:08:06 INFO  : Registering command handlers for Vitis TCF services
17:09:22 INFO  : Result from executing command 'getProjects': Exercice2_bd_wrapper
17:09:22 INFO  : Result from executing command 'getPlatforms': 
17:09:23 INFO  : Checking for BSP changes to sync application flags for project 'pain'...
