#-----------------------------------------------------------
# Vivado v2020.2 (64-bit)
# SW Build 3064766 on Wed Nov 18 09:12:45 MST 2020
# IP Build 3064653 on Wed Nov 18 14:17:31 MST 2020
# Start of session at: Mon Aug  1 17:05:59 2022
# Process ID: 43072
# Current directory: C:/Users/veron/OneDrive/Documents/GitHub/TheLegendOfSherby/jeu
# Command line: vivado.exe -gui_launcher_event rodinguilauncherevent45304 C:\Users\veron\OneDrive\Documents\GitHub\TheLegendOfSherby\jeu\Atelier2.xpr
# Log file: C:/Users/veron/OneDrive/Documents/GitHub/TheLegendOfSherby/jeu/vivado.log
# Journal file: C:/Users/veron/OneDrive/Documents/GitHub/TheLegendOfSherby/jeu\vivado.jou
#-----------------------------------------------------------
start_gui
open_project C:/Users/veron/OneDrive/Documents/GitHub/TheLegendOfSherby/jeu/Atelier2.xpr
INFO: [Project 1-313] Project file moved from 'C:/Workspace/Atelier2' since last save.
WARNING: [filemgmt 56-2] IP Repository Path: Could not find the directory 'C:/Users/veron/OneDrive/Documents/GitHub/TheLegendOfSherby/ip_repo/myColorRegister_1.0', nor could it be found using path 'C:/Workspace/ip_repo/myColorRegister_1.0'.
WARNING: [filemgmt 56-2] IP Repository Path: Could not find the directory 'C:/Users/veron/OneDrive/Documents/GitHub/TheLegendOfSherby/ip_repo/myip_1.0', nor could it be found using path 'C:/Workspace/ip_repo/myip_1.0'.
WARNING: [filemgmt 56-2] IP Repository Path: Could not find the directory 'C:/Users/veron/OneDrive/Documents/GitHub/TheLegendOfSherby/ip_repo/myColorRegister_1.0', nor could it be found using path 'C:/Workspace/ip_repo/myColorRegister_1.0'.
WARNING: [filemgmt 56-2] IP Repository Path: Could not find the directory 'C:/Users/veron/OneDrive/Documents/GitHub/TheLegendOfSherby/ip_repo/myColorRegister_1.0', nor could it be found using path 'C:/Workspace/ip_repo/myColorRegister_1.0'.
WARNING: [filemgmt 56-2] IP Repository Path: Could not find the directory 'C:/Users/veron/OneDrive/Documents/GitHub/TheLegendOfSherby/ip_repo/myColorRegister_1.0', nor could it be found using path 'C:/Workspace/ip_repo/myColorRegister_1.0'.
WARNING: [filemgmt 56-2] IP Repository Path: Could not find the directory 'C:/Users/veron/OneDrive/Documents/GitHub/TheLegendOfSherby/ip_repo/myColorRegister_1.0', nor could it be found using path 'C:/Workspace/ip_repo/myColorRegister_1.0'.
WARNING: [filemgmt 56-2] IP Repository Path: Could not find the directory 'C:/Users/veron/OneDrive/Documents/GitHub/TheLegendOfSherby/ip_repo/myColorRegister_1.0', nor could it be found using path 'C:/Workspace/ip_repo/myColorRegister_1.0'.
WARNING: [filemgmt 56-2] IP Repository Path: Could not find the directory 'C:/Users/veron/OneDrive/Documents/GitHub/TheLegendOfSherby/ip_repo/myColorRegister_1.0', nor could it be found using path 'C:/Workspace/ip_repo/myColorRegister_1.0'.
WARNING: [filemgmt 56-2] IP Repository Path: Could not find the directory 'C:/Users/veron/OneDrive/Documents/GitHub/TheLegendOfSherby/ip_repo/myColorRegister_1.0', nor could it be found using path 'C:/Workspace/ip_repo/myColorRegister_1.0'.
WARNING: [filemgmt 56-2] IP Repository Path: Could not find the directory 'C:/Users/veron/OneDrive/Documents/GitHub/s4InfoAtelier4/s4InfoAtelier4.ipdefs/rgb2dvi', nor could it be found using path 'C:/s4InfoAtelier4/s4InfoAtelier4.ipdefs/rgb2dvi'.
WARNING: [filemgmt 56-2] IP Repository Path: Could not find the directory 'C:/Users/veron/OneDrive/Documents/GitHub/s4InfoAtelier4/s4InfoAtelier4.ipdefs/tmds_v1_0', nor could it be found using path 'C:/s4InfoAtelier4/s4InfoAtelier4.ipdefs/tmds_v1_0'.
Scanning sources...
Finished scanning sources
INFO: [IP_Flow 19-234] Refreshing IP repositories
WARNING: [IP_Flow 19-2248] Failed to load user IP repository 'c:/Users/veron/OneDrive/Documents/GitHub/TheLegendOfSherby/ip_repo/myColorRegister_1.0'; Can't find the specified path.
If this directory should no longer be in your list of user repositories, go to the IP Settings dialog and remove it.
WARNING: [IP_Flow 19-2248] Failed to load user IP repository 'c:/Users/veron/OneDrive/Documents/GitHub/TheLegendOfSherby/ip_repo/myip_1.0'; Can't find the specified path.
If this directory should no longer be in your list of user repositories, go to the IP Settings dialog and remove it.
WARNING: [IP_Flow 19-2207] Repository 'c:/Users/veron/OneDrive/Documents/GitHub/TheLegendOfSherby/ip_repo/myColorRegister_1.0' already exists; ignoring attempt to add it again.
WARNING: [IP_Flow 19-2248] Failed to load user IP repository 'c:/Users/veron/OneDrive/Documents/GitHub/TheLegendOfSherby/ip_repo/myColorRegister_1.0'; Can't find the specified path.
If this directory should no longer be in your list of user repositories, go to the IP Settings dialog and remove it.
WARNING: [IP_Flow 19-2207] Repository 'c:/Users/veron/OneDrive/Documents/GitHub/TheLegendOfSherby/ip_repo/myColorRegister_1.0' already exists; ignoring attempt to add it again.
WARNING: [IP_Flow 19-2248] Failed to load user IP repository 'c:/Users/veron/OneDrive/Documents/GitHub/TheLegendOfSherby/ip_repo/myColorRegister_1.0'; Can't find the specified path.
If this directory should no longer be in your list of user repositories, go to the IP Settings dialog and remove it.
WARNING: [IP_Flow 19-2207] Repository 'c:/Users/veron/OneDrive/Documents/GitHub/TheLegendOfSherby/ip_repo/myColorRegister_1.0' already exists; ignoring attempt to add it again.
WARNING: [IP_Flow 19-2248] Failed to load user IP repository 'c:/Users/veron/OneDrive/Documents/GitHub/TheLegendOfSherby/ip_repo/myColorRegister_1.0'; Can't find the specified path.
If this directory should no longer be in your list of user repositories, go to the IP Settings dialog and remove it.
WARNING: [IP_Flow 19-2207] Repository 'c:/Users/veron/OneDrive/Documents/GitHub/TheLegendOfSherby/ip_repo/myColorRegister_1.0' already exists; ignoring attempt to add it again.
WARNING: [IP_Flow 19-2248] Failed to load user IP repository 'c:/Users/veron/OneDrive/Documents/GitHub/TheLegendOfSherby/ip_repo/myColorRegister_1.0'; Can't find the specified path.
If this directory should no longer be in your list of user repositories, go to the IP Settings dialog and remove it.
WARNING: [IP_Flow 19-2207] Repository 'c:/Users/veron/OneDrive/Documents/GitHub/TheLegendOfSherby/ip_repo/myColorRegister_1.0' already exists; ignoring attempt to add it again.
WARNING: [IP_Flow 19-2248] Failed to load user IP repository 'c:/Users/veron/OneDrive/Documents/GitHub/TheLegendOfSherby/ip_repo/myColorRegister_1.0'; Can't find the specified path.
If this directory should no longer be in your list of user repositories, go to the IP Settings dialog and remove it.
WARNING: [IP_Flow 19-2207] Repository 'c:/Users/veron/OneDrive/Documents/GitHub/TheLegendOfSherby/ip_repo/myColorRegister_1.0' already exists; ignoring attempt to add it again.
WARNING: [IP_Flow 19-2248] Failed to load user IP repository 'c:/Users/veron/OneDrive/Documents/GitHub/TheLegendOfSherby/ip_repo/myColorRegister_1.0'; Can't find the specified path.
If this directory should no longer be in your list of user repositories, go to the IP Settings dialog and remove it.
WARNING: [IP_Flow 19-2207] Repository 'c:/Users/veron/OneDrive/Documents/GitHub/TheLegendOfSherby/ip_repo/myColorRegister_1.0' already exists; ignoring attempt to add it again.
WARNING: [IP_Flow 19-2248] Failed to load user IP repository 'c:/Users/veron/OneDrive/Documents/GitHub/TheLegendOfSherby/ip_repo/myColorRegister_1.0'; Can't find the specified path.
If this directory should no longer be in your list of user repositories, go to the IP Settings dialog and remove it.
WARNING: [IP_Flow 19-2248] Failed to load user IP repository 'c:/Users/veron/OneDrive/Documents/GitHub/s4InfoAtelier4/s4InfoAtelier4.ipdefs/rgb2dvi'; Can't find the specified path.
If this directory should no longer be in your list of user repositories, go to the IP Settings dialog and remove it.
WARNING: [IP_Flow 19-2248] Failed to load user IP repository 'c:/Users/veron/OneDrive/Documents/GitHub/s4InfoAtelier4/s4InfoAtelier4.ipdefs/tmds_v1_0'; Can't find the specified path.
If this directory should no longer be in your list of user repositories, go to the IP Settings dialog and remove it.
INFO: [IP_Flow 19-2313] Loaded Vivado IP repository 'C:/Xilinx/Vivado/2020.2/data/ip'.
WARNING: [BD 41-1661] One or more IPs have been locked in the design 'Exercice2_bd.bd'. Please run report_ip_status for more details and recommendations on how to fix this issue.
List of locked IPs:
Exercice2_bd_rgb2dvi_0_0
Exercice2_bd_myColorRegister_1_1

open_project: Time (s): cpu = 00:00:35 ; elapsed = 00:00:23 . Memory (MB): peak = 1082.117 ; gain = 0.000
update_compile_order -fileset sources_1
open_bd_design {C:/Users/veron/OneDrive/Documents/GitHub/TheLegendOfSherby/jeu/Atelier2.srcs/sources_1/bd/Exercice2_bd/Exercice2_bd.bd}
Reading block design file <C:/Users/veron/OneDrive/Documents/GitHub/TheLegendOfSherby/jeu/Atelier2.srcs/sources_1/bd/Exercice2_bd/Exercice2_bd.bd>...
CRITICAL WARNING: [BD 41-52] Could not find the abstraction definition specified by the vlnv: digilentinc.com:interface:tmds_rtl:1.0 
CRITICAL WARNING: [BD 41-181] Type specified by the VLNV: 'digilentinc.com:interface:tmds_rtl:1.0', cannot be found. Interface port: 'hdmi_out' cannot be created
Adding component instance block -- xilinx.com:ip:processing_system7:5.5 - processing_system7_0
Adding component instance block -- xilinx.com:ip:clk_wiz:6.0 - clk_wiz_0
Adding component instance block -- xilinx.com:ip:proc_sys_reset:5.0 - proc_sys_reset_0
Adding component instance block -- xilinx.com:ip:v_tc:6.2 - v_tc_0
Adding component instance block -- xilinx.com:ip:v_axi4s_vid_out:4.0 - v_axi4s_vid_out_0
Adding component instance block -- digilentinc.com:ip:rgb2dvi:1.4 - rgb2dvi_0
CRITICAL WARNING: [BD 41-51] Could not find bus definition for the interface: TMDS 
CRITICAL WARNING: [BD 41-49] Could not find abstraction definition for the interface: TMDS 
CRITICAL WARNING: [BD 41-49] Could not find abstraction definition for the interface: TMDS 
Adding component instance block -- xilinx.com:ip:v_proc_ss:2.3 - v_proc_ss_0
Adding component instance block -- xilinx.com:ip:smartconnect:1.0 - smartconnect_0
Adding component instance block -- xilinx.com:module_ref:testPatternGenerator:1.0 - testPatternGenerator_0
Adding component instance block -- xilinx.com:user:myColorRegister:1.0 - myColorRegister_1
CRITICAL WARNING: [BD 41-2161] Unable to find interface <hdmi_out> in cell <> while setting up interface connections during loading of BD file.
Successfully read diagram <Exercice2_bd> from block design file <C:/Users/veron/OneDrive/Documents/GitHub/TheLegendOfSherby/jeu/Atelier2.srcs/sources_1/bd/Exercice2_bd/Exercice2_bd.bd>
open_bd_design: Time (s): cpu = 00:00:16 ; elapsed = 00:00:14 . Memory (MB): peak = 1231.406 ; gain = 149.289
set_property needs_refresh false [get_runs synth_1]
set_property needs_refresh false [get_runs impl_1]
create_peripheral xilinx.com user myBackgroungManager 1.0 -dir C:/Users/veron/OneDrive/Documents/GitHub/TheLegendOfSherby/jeu/../ip_repo
add_peripheral_interface S00_AXI -interface_mode slave -axi_type lite [ipx::find_open_core xilinx.com:user:myBackgroungManager:1.0]
generate_peripheral -driver -bfm_example_design -debug_hw_example_design [ipx::find_open_core xilinx.com:user:myBackgroungManager:1.0]
write_peripheral [ipx::find_open_core xilinx.com:user:myBackgroungManager:1.0]
set_property  ip_repo_paths  {C:/Users/veron/OneDrive/Documents/GitHub/TheLegendOfSherby/jeu/../ip_repo/myBackgroungManager_1.0 C:/Users/veron/OneDrive/Documents/GitHub/TheLegendOfSherby/ip_repo/myColorRegister_1.0 C:/Users/veron/OneDrive/Documents/GitHub/TheLegendOfSherby/ip_repo/myip_1.0 C:/Users/veron/OneDrive/Documents/GitHub/TheLegendOfSherby/ip_repo/myColorRegister_1.0 C:/Users/veron/OneDrive/Documents/GitHub/TheLegendOfSherby/ip_repo/myColorRegister_1.0 C:/Users/veron/OneDrive/Documents/GitHub/TheLegendOfSherby/ip_repo/myColorRegister_1.0 C:/Users/veron/OneDrive/Documents/GitHub/TheLegendOfSherby/ip_repo/myColorRegister_1.0 C:/Users/veron/OneDrive/Documents/GitHub/TheLegendOfSherby/ip_repo/myColorRegister_1.0 C:/Users/veron/OneDrive/Documents/GitHub/TheLegendOfSherby/ip_repo/myColorRegister_1.0 C:/Users/veron/OneDrive/Documents/GitHub/TheLegendOfSherby/ip_repo/myColorRegister_1.0 C:/Users/veron/OneDrive/Documents/GitHub/s4InfoAtelier4/s4InfoAtelier4.ipdefs/rgb2dvi C:/Users/veron/OneDrive/Documents/GitHub/s4InfoAtelier4/s4InfoAtelier4.ipdefs/tmds_v1_0} [current_project]
update_ip_catalog -rebuild
INFO: [IP_Flow 19-234] Refreshing IP repositories
INFO: [IP_Flow 19-1700] Loaded user IP repository 'c:/Users/veron/OneDrive/Documents/GitHub/TheLegendOfSherby/ip_repo/myBackgroungManager_1.0'.
WARNING: [IP_Flow 19-2248] Failed to load user IP repository 'c:/Users/veron/OneDrive/Documents/GitHub/TheLegendOfSherby/ip_repo/myColorRegister_1.0'; Can't find the specified path.
If this directory should no longer be in your list of user repositories, go to the IP Settings dialog and remove it.
WARNING: [IP_Flow 19-2248] Failed to load user IP repository 'c:/Users/veron/OneDrive/Documents/GitHub/TheLegendOfSherby/ip_repo/myip_1.0'; Can't find the specified path.
If this directory should no longer be in your list of user repositories, go to the IP Settings dialog and remove it.
WARNING: [IP_Flow 19-2207] Repository 'c:/Users/veron/OneDrive/Documents/GitHub/TheLegendOfSherby/ip_repo/myColorRegister_1.0' already exists; ignoring attempt to add it again.
WARNING: [IP_Flow 19-2248] Failed to load user IP repository 'c:/Users/veron/OneDrive/Documents/GitHub/TheLegendOfSherby/ip_repo/myColorRegister_1.0'; Can't find the specified path.
If this directory should no longer be in your list of user repositories, go to the IP Settings dialog and remove it.
WARNING: [IP_Flow 19-2207] Repository 'c:/Users/veron/OneDrive/Documents/GitHub/TheLegendOfSherby/ip_repo/myColorRegister_1.0' already exists; ignoring attempt to add it again.
WARNING: [IP_Flow 19-2248] Failed to load user IP repository 'c:/Users/veron/OneDrive/Documents/GitHub/TheLegendOfSherby/ip_repo/myColorRegister_1.0'; Can't find the specified path.
If this directory should no longer be in your list of user repositories, go to the IP Settings dialog and remove it.
WARNING: [IP_Flow 19-2207] Repository 'c:/Users/veron/OneDrive/Documents/GitHub/TheLegendOfSherby/ip_repo/myColorRegister_1.0' already exists; ignoring attempt to add it again.
WARNING: [IP_Flow 19-2248] Failed to load user IP repository 'c:/Users/veron/OneDrive/Documents/GitHub/TheLegendOfSherby/ip_repo/myColorRegister_1.0'; Can't find the specified path.
If this directory should no longer be in your list of user repositories, go to the IP Settings dialog and remove it.
WARNING: [IP_Flow 19-2207] Repository 'c:/Users/veron/OneDrive/Documents/GitHub/TheLegendOfSherby/ip_repo/myColorRegister_1.0' already exists; ignoring attempt to add it again.
WARNING: [IP_Flow 19-2248] Failed to load user IP repository 'c:/Users/veron/OneDrive/Documents/GitHub/TheLegendOfSherby/ip_repo/myColorRegister_1.0'; Can't find the specified path.
If this directory should no longer be in your list of user repositories, go to the IP Settings dialog and remove it.
WARNING: [IP_Flow 19-2207] Repository 'c:/Users/veron/OneDrive/Documents/GitHub/TheLegendOfSherby/ip_repo/myColorRegister_1.0' already exists; ignoring attempt to add it again.
WARNING: [IP_Flow 19-2248] Failed to load user IP repository 'c:/Users/veron/OneDrive/Documents/GitHub/TheLegendOfSherby/ip_repo/myColorRegister_1.0'; Can't find the specified path.
If this directory should no longer be in your list of user repositories, go to the IP Settings dialog and remove it.
WARNING: [IP_Flow 19-2207] Repository 'c:/Users/veron/OneDrive/Documents/GitHub/TheLegendOfSherby/ip_repo/myColorRegister_1.0' already exists; ignoring attempt to add it again.
WARNING: [IP_Flow 19-2248] Failed to load user IP repository 'c:/Users/veron/OneDrive/Documents/GitHub/TheLegendOfSherby/ip_repo/myColorRegister_1.0'; Can't find the specified path.
If this directory should no longer be in your list of user repositories, go to the IP Settings dialog and remove it.
WARNING: [IP_Flow 19-2207] Repository 'c:/Users/veron/OneDrive/Documents/GitHub/TheLegendOfSherby/ip_repo/myColorRegister_1.0' already exists; ignoring attempt to add it again.
WARNING: [IP_Flow 19-2248] Failed to load user IP repository 'c:/Users/veron/OneDrive/Documents/GitHub/TheLegendOfSherby/ip_repo/myColorRegister_1.0'; Can't find the specified path.
If this directory should no longer be in your list of user repositories, go to the IP Settings dialog and remove it.
WARNING: [IP_Flow 19-2248] Failed to load user IP repository 'c:/Users/veron/OneDrive/Documents/GitHub/s4InfoAtelier4/s4InfoAtelier4.ipdefs/rgb2dvi'; Can't find the specified path.
If this directory should no longer be in your list of user repositories, go to the IP Settings dialog and remove it.
WARNING: [IP_Flow 19-2248] Failed to load user IP repository 'c:/Users/veron/OneDrive/Documents/GitHub/s4InfoAtelier4/s4InfoAtelier4.ipdefs/tmds_v1_0'; Can't find the specified path.
If this directory should no longer be in your list of user repositories, go to the IP Settings dialog and remove it.
ipx::edit_ip_in_project -upgrade true -name edit_myBackgroungManager_v1_0 -directory C:/Users/veron/OneDrive/Documents/GitHub/TheLegendOfSherby/jeu/../ip_repo c:/Users/veron/OneDrive/Documents/GitHub/TheLegendOfSherby/ip_repo/myBackgroungManager_1.0/component.xml
INFO: [IP_Flow 19-234] Refreshing IP repositories
INFO: [IP_Flow 19-1704] No user IP repositories specified
INFO: [IP_Flow 19-2313] Loaded Vivado IP repository 'C:/Xilinx/Vivado/2020.2/data/ip'.
INFO: [IP_Flow 19-234] Refreshing IP repositories
INFO: [IP_Flow 19-1700] Loaded user IP repository 'c:/Users/veron/OneDrive/Documents/GitHub/TheLegendOfSherby/ip_repo/myBackgroungManager_1.0'.
WARNING: [IP_Flow 19-2248] Failed to load user IP repository 'c:/Users/veron/OneDrive/Documents/GitHub/TheLegendOfSherby/ip_repo/myColorRegister_1.0'; Can't find the specified path.
If this directory should no longer be in your list of user repositories, go to the IP Settings dialog and remove it.
WARNING: [IP_Flow 19-2248] Failed to load user IP repository 'c:/Users/veron/OneDrive/Documents/GitHub/TheLegendOfSherby/ip_repo/myip_1.0'; Can't find the specified path.
If this directory should no longer be in your list of user repositories, go to the IP Settings dialog and remove it.
WARNING: [IP_Flow 19-2207] Repository 'c:/Users/veron/OneDrive/Documents/GitHub/TheLegendOfSherby/ip_repo/myColorRegister_1.0' already exists; ignoring attempt to add it again.
WARNING: [IP_Flow 19-2248] Failed to load user IP repository 'c:/Users/veron/OneDrive/Documents/GitHub/TheLegendOfSherby/ip_repo/myColorRegister_1.0'; Can't find the specified path.
If this directory should no longer be in your list of user repositories, go to the IP Settings dialog and remove it.
WARNING: [IP_Flow 19-2207] Repository 'c:/Users/veron/OneDrive/Documents/GitHub/TheLegendOfSherby/ip_repo/myColorRegister_1.0' already exists; ignoring attempt to add it again.
WARNING: [IP_Flow 19-2248] Failed to load user IP repository 'c:/Users/veron/OneDrive/Documents/GitHub/TheLegendOfSherby/ip_repo/myColorRegister_1.0'; Can't find the specified path.
If this directory should no longer be in your list of user repositories, go to the IP Settings dialog and remove it.
WARNING: [IP_Flow 19-2207] Repository 'c:/Users/veron/OneDrive/Documents/GitHub/TheLegendOfSherby/ip_repo/myColorRegister_1.0' already exists; ignoring attempt to add it again.
WARNING: [IP_Flow 19-2248] Failed to load user IP repository 'c:/Users/veron/OneDrive/Documents/GitHub/TheLegendOfSherby/ip_repo/myColorRegister_1.0'; Can't find the specified path.
If this directory should no longer be in your list of user repositories, go to the IP Settings dialog and remove it.
WARNING: [IP_Flow 19-2207] Repository 'c:/Users/veron/OneDrive/Documents/GitHub/TheLegendOfSherby/ip_repo/myColorRegister_1.0' already exists; ignoring attempt to add it again.
WARNING: [IP_Flow 19-2248] Failed to load user IP repository 'c:/Users/veron/OneDrive/Documents/GitHub/TheLegendOfSherby/ip_repo/myColorRegister_1.0'; Can't find the specified path.
If this directory should no longer be in your list of user repositories, go to the IP Settings dialog and remove it.
WARNING: [IP_Flow 19-2207] Repository 'c:/Users/veron/OneDrive/Documents/GitHub/TheLegendOfSherby/ip_repo/myColorRegister_1.0' already exists; ignoring attempt to add it again.
WARNING: [IP_Flow 19-2248] Failed to load user IP repository 'c:/Users/veron/OneDrive/Documents/GitHub/TheLegendOfSherby/ip_repo/myColorRegister_1.0'; Can't find the specified path.
If this directory should no longer be in your list of user repositories, go to the IP Settings dialog and remove it.
WARNING: [IP_Flow 19-2207] Repository 'c:/Users/veron/OneDrive/Documents/GitHub/TheLegendOfSherby/ip_repo/myColorRegister_1.0' already exists; ignoring attempt to add it again.
WARNING: [IP_Flow 19-2248] Failed to load user IP repository 'c:/Users/veron/OneDrive/Documents/GitHub/TheLegendOfSherby/ip_repo/myColorRegister_1.0'; Can't find the specified path.
If this directory should no longer be in your list of user repositories, go to the IP Settings dialog and remove it.
WARNING: [IP_Flow 19-2207] Repository 'c:/Users/veron/OneDrive/Documents/GitHub/TheLegendOfSherby/ip_repo/myColorRegister_1.0' already exists; ignoring attempt to add it again.
WARNING: [IP_Flow 19-2248] Failed to load user IP repository 'c:/Users/veron/OneDrive/Documents/GitHub/TheLegendOfSherby/ip_repo/myColorRegister_1.0'; Can't find the specified path.
If this directory should no longer be in your list of user repositories, go to the IP Settings dialog and remove it.
WARNING: [IP_Flow 19-2248] Failed to load user IP repository 'c:/Users/veron/OneDrive/Documents/GitHub/s4InfoAtelier4/s4InfoAtelier4.ipdefs/rgb2dvi'; Can't find the specified path.
If this directory should no longer be in your list of user repositories, go to the IP Settings dialog and remove it.
WARNING: [IP_Flow 19-2248] Failed to load user IP repository 'c:/Users/veron/OneDrive/Documents/GitHub/s4InfoAtelier4/s4InfoAtelier4.ipdefs/tmds_v1_0'; Can't find the specified path.
If this directory should no longer be in your list of user repositories, go to the IP Settings dialog and remove it.
INFO: [IP_Flow 19-795] Syncing license key meta-data
ipx::edit_ip_in_project: Time (s): cpu = 00:00:12 ; elapsed = 00:00:07 . Memory (MB): peak = 1405.684 ; gain = 16.090
update_compile_order -fileset sources_1
ipx::merge_project_changes files [ipx::current_core]
WARNING: [IP_Flow 19-5226] Project source file 'c:/Users/veron/OneDrive/Documents/GitHub/TheLegendOfSherby/ip_repo/myBackgroungManager_1.0/component.xml' ignored by IP packager.
ipx::merge_project_changes hdl_parameters [ipx::current_core]
WARNING: [IP_Flow 19-5226] Project source file 'c:/Users/veron/OneDrive/Documents/GitHub/TheLegendOfSherby/ip_repo/myBackgroungManager_1.0/component.xml' ignored by IP packager.
INFO: [IP_Flow 19-3166] Bus Interface 'S00_AXI': References existing memory map 'S00_AXI'.
set_property core_revision 2 [ipx::current_core]
ipx::update_source_project_archive -component [ipx::current_core]
ipx::create_xgui_files [ipx::current_core]
ipx::update_checksums [ipx::current_core]
ipx::check_integrity [ipx::current_core]
INFO: [IP_Flow 19-2181] Payment Required is not set for this core.
INFO: [IP_Flow 19-2187] The Product Guide file is missing.
INFO: [Ipptcl 7-1486] check_integrity: Integrity check passed.
ipx::save_core [ipx::current_core]
ipx::move_temp_component_back -component [ipx::current_core]
close_project -delete
update_ip_catalog -rebuild -repo_path c:/Users/veron/OneDrive/Documents/GitHub/TheLegendOfSherby/ip_repo/myBackgroungManager_1.0
INFO: [IP_Flow 19-725] Reloaded user IP repository 'c:/Users/veron/OneDrive/Documents/GitHub/TheLegendOfSherby/ip_repo/myBackgroungManager_1.0'
startgroup
create_bd_cell -type ip -vlnv xilinx.com:user:myBackgroungManager:1.0 myBackgroungManager_0
endgroup
set_property location {5 1298 240} [get_bd_cells myBackgroungManager_0]
add_files -norecurse {{C:/Users/veron/OneDrive - USherbrooke/S4/Projet/composante_vhdl/tuile_package.vhd} {C:/Users/veron/OneDrive - USherbrooke/S4/Projet/composante_vhdl/Background/BackgroundManager.vhd} {C:/Users/veron/OneDrive - USherbrooke/S4/Projet/composante_vhdl/Background/tileBgBuffer.vhd} {C:/Users/veron/OneDrive - USherbrooke/S4/Projet/composante_vhdl/Background/comparateurBackground.vhd} {C:/Users/veron/OneDrive - USherbrooke/S4/Projet/composante_vhdl/Background/registreTuile.vhd}}
update_compile_order -fileset sources_1
update_module_reference Exercice2_bd_testPatternGenerator_0_0
INFO: [IP_Flow 19-5107] Inferred bus interface 'm_axis' of definition 'xilinx.com:interface:axis:1.0' (from Xilinx Repository).
INFO: [IP_Flow 19-5107] Inferred bus interface 'rstn' of definition 'xilinx.com:signal:reset:1.0' (from Xilinx Repository).
INFO: [IP_Flow 19-5107] Inferred bus interface 'clk' of definition 'xilinx.com:signal:clock:1.0' (from Xilinx Repository).
INFO: [IP_Flow 19-4728] Bus Interface 'rstn': Added interface parameter 'POLARITY' with value 'ACTIVE_LOW'.
INFO: [IP_Flow 19-4728] Bus Interface 'clk': Added interface parameter 'ASSOCIATED_BUSIF' with value 'm_axis'.
INFO: [IP_Flow 19-4728] Bus Interface 'clk': Added interface parameter 'ASSOCIATED_RESET' with value 'rstn'.
WARNING: [IP_Flow 19-3157] Bus Interface 'rstn': Bus parameter POLARITY is ACTIVE_LOW but port 'rstn' is not *resetn - please double check the POLARITY setting.
INFO: [IP_Flow 19-234] Refreshing IP repositories
INFO: [IP_Flow 19-1700] Loaded user IP repository 'c:/Users/veron/OneDrive/Documents/GitHub/TheLegendOfSherby/ip_repo/myBackgroungManager_1.0'.
WARNING: [IP_Flow 19-2248] Failed to load user IP repository 'c:/Users/veron/OneDrive/Documents/GitHub/TheLegendOfSherby/ip_repo/myColorRegister_1.0'; Can't find the specified path.
If this directory should no longer be in your list of user repositories, go to the IP Settings dialog and remove it.
WARNING: [IP_Flow 19-2248] Failed to load user IP repository 'c:/Users/veron/OneDrive/Documents/GitHub/TheLegendOfSherby/ip_repo/myip_1.0'; Can't find the specified path.
If this directory should no longer be in your list of user repositories, go to the IP Settings dialog and remove it.
WARNING: [IP_Flow 19-2207] Repository 'c:/Users/veron/OneDrive/Documents/GitHub/TheLegendOfSherby/ip_repo/myColorRegister_1.0' already exists; ignoring attempt to add it again.
WARNING: [IP_Flow 19-2248] Failed to load user IP repository 'c:/Users/veron/OneDrive/Documents/GitHub/TheLegendOfSherby/ip_repo/myColorRegister_1.0'; Can't find the specified path.
If this directory should no longer be in your list of user repositories, go to the IP Settings dialog and remove it.
WARNING: [IP_Flow 19-2207] Repository 'c:/Users/veron/OneDrive/Documents/GitHub/TheLegendOfSherby/ip_repo/myColorRegister_1.0' already exists; ignoring attempt to add it again.
WARNING: [IP_Flow 19-2248] Failed to load user IP repository 'c:/Users/veron/OneDrive/Documents/GitHub/TheLegendOfSherby/ip_repo/myColorRegister_1.0'; Can't find the specified path.
If this directory should no longer be in your list of user repositories, go to the IP Settings dialog and remove it.
WARNING: [IP_Flow 19-2207] Repository 'c:/Users/veron/OneDrive/Documents/GitHub/TheLegendOfSherby/ip_repo/myColorRegister_1.0' already exists; ignoring attempt to add it again.
WARNING: [IP_Flow 19-2248] Failed to load user IP repository 'c:/Users/veron/OneDrive/Documents/GitHub/TheLegendOfSherby/ip_repo/myColorRegister_1.0'; Can't find the specified path.
If this directory should no longer be in your list of user repositories, go to the IP Settings dialog and remove it.
WARNING: [IP_Flow 19-2207] Repository 'c:/Users/veron/OneDrive/Documents/GitHub/TheLegendOfSherby/ip_repo/myColorRegister_1.0' already exists; ignoring attempt to add it again.
WARNING: [IP_Flow 19-2248] Failed to load user IP repository 'c:/Users/veron/OneDrive/Documents/GitHub/TheLegendOfSherby/ip_repo/myColorRegister_1.0'; Can't find the specified path.
If this directory should no longer be in your list of user repositories, go to the IP Settings dialog and remove it.
WARNING: [IP_Flow 19-2207] Repository 'c:/Users/veron/OneDrive/Documents/GitHub/TheLegendOfSherby/ip_repo/myColorRegister_1.0' already exists; ignoring attempt to add it again.
WARNING: [IP_Flow 19-2248] Failed to load user IP repository 'c:/Users/veron/OneDrive/Documents/GitHub/TheLegendOfSherby/ip_repo/myColorRegister_1.0'; Can't find the specified path.
If this directory should no longer be in your list of user repositories, go to the IP Settings dialog and remove it.
WARNING: [IP_Flow 19-2207] Repository 'c:/Users/veron/OneDrive/Documents/GitHub/TheLegendOfSherby/ip_repo/myColorRegister_1.0' already exists; ignoring attempt to add it again.
WARNING: [IP_Flow 19-2248] Failed to load user IP repository 'c:/Users/veron/OneDrive/Documents/GitHub/TheLegendOfSherby/ip_repo/myColorRegister_1.0'; Can't find the specified path.
If this directory should no longer be in your list of user repositories, go to the IP Settings dialog and remove it.
WARNING: [IP_Flow 19-2207] Repository 'c:/Users/veron/OneDrive/Documents/GitHub/TheLegendOfSherby/ip_repo/myColorRegister_1.0' already exists; ignoring attempt to add it again.
WARNING: [IP_Flow 19-2248] Failed to load user IP repository 'c:/Users/veron/OneDrive/Documents/GitHub/TheLegendOfSherby/ip_repo/myColorRegister_1.0'; Can't find the specified path.
If this directory should no longer be in your list of user repositories, go to the IP Settings dialog and remove it.
WARNING: [IP_Flow 19-2248] Failed to load user IP repository 'c:/Users/veron/OneDrive/Documents/GitHub/s4InfoAtelier4/s4InfoAtelier4.ipdefs/rgb2dvi'; Can't find the specified path.
If this directory should no longer be in your list of user repositories, go to the IP Settings dialog and remove it.
WARNING: [IP_Flow 19-2248] Failed to load user IP repository 'c:/Users/veron/OneDrive/Documents/GitHub/s4InfoAtelier4/s4InfoAtelier4.ipdefs/tmds_v1_0'; Can't find the specified path.
If this directory should no longer be in your list of user repositories, go to the IP Settings dialog and remove it.
Upgrading 'C:/Users/veron/OneDrive/Documents/GitHub/TheLegendOfSherby/jeu/Atelier2.srcs/sources_1/bd/Exercice2_bd/Exercice2_bd.bd'
INFO: [IP_Flow 19-1972] Upgraded Exercice2_bd_testPatternGenerator_0_0 from testPatternGenerator_v1_0 1.0 to testPatternGenerator_v1_0 1.0
Wrote  : <C:\Users\veron\OneDrive\Documents\GitHub\TheLegendOfSherby\jeu\Atelier2.srcs\sources_1\bd\Exercice2_bd\Exercice2_bd.bd> 
Wrote  : <C:/Users/veron/OneDrive/Documents/GitHub/TheLegendOfSherby/jeu/Atelier2.srcs/sources_1/bd/Exercice2_bd/ui/bd_db92a6b7.ui> 
create_bd_cell -type module -reference BackgroundManager BackgroundManager_0
INFO: [IP_Flow 19-5107] Inferred bus interface 'clk' of definition 'xilinx.com:signal:clock:1.0' (from Xilinx Repository).
WARNING: [IP_Flow 19-5661] Bus Interface 'clk' does not have any bus interfaces associated with it.
INFO: [IP_Flow 19-234] Refreshing IP repositories
INFO: [IP_Flow 19-1700] Loaded user IP repository 'c:/Users/veron/OneDrive/Documents/GitHub/TheLegendOfSherby/ip_repo/myBackgroungManager_1.0'.
WARNING: [IP_Flow 19-2248] Failed to load user IP repository 'c:/Users/veron/OneDrive/Documents/GitHub/TheLegendOfSherby/ip_repo/myColorRegister_1.0'; Can't find the specified path.
If this directory should no longer be in your list of user repositories, go to the IP Settings dialog and remove it.
WARNING: [IP_Flow 19-2248] Failed to load user IP repository 'c:/Users/veron/OneDrive/Documents/GitHub/TheLegendOfSherby/ip_repo/myip_1.0'; Can't find the specified path.
If this directory should no longer be in your list of user repositories, go to the IP Settings dialog and remove it.
WARNING: [IP_Flow 19-2207] Repository 'c:/Users/veron/OneDrive/Documents/GitHub/TheLegendOfSherby/ip_repo/myColorRegister_1.0' already exists; ignoring attempt to add it again.
WARNING: [IP_Flow 19-2248] Failed to load user IP repository 'c:/Users/veron/OneDrive/Documents/GitHub/TheLegendOfSherby/ip_repo/myColorRegister_1.0'; Can't find the specified path.
If this directory should no longer be in your list of user repositories, go to the IP Settings dialog and remove it.
WARNING: [IP_Flow 19-2207] Repository 'c:/Users/veron/OneDrive/Documents/GitHub/TheLegendOfSherby/ip_repo/myColorRegister_1.0' already exists; ignoring attempt to add it again.
WARNING: [IP_Flow 19-2248] Failed to load user IP repository 'c:/Users/veron/OneDrive/Documents/GitHub/TheLegendOfSherby/ip_repo/myColorRegister_1.0'; Can't find the specified path.
If this directory should no longer be in your list of user repositories, go to the IP Settings dialog and remove it.
WARNING: [IP_Flow 19-2207] Repository 'c:/Users/veron/OneDrive/Documents/GitHub/TheLegendOfSherby/ip_repo/myColorRegister_1.0' already exists; ignoring attempt to add it again.
WARNING: [IP_Flow 19-2248] Failed to load user IP repository 'c:/Users/veron/OneDrive/Documents/GitHub/TheLegendOfSherby/ip_repo/myColorRegister_1.0'; Can't find the specified path.
If this directory should no longer be in your list of user repositories, go to the IP Settings dialog and remove it.
WARNING: [IP_Flow 19-2207] Repository 'c:/Users/veron/OneDrive/Documents/GitHub/TheLegendOfSherby/ip_repo/myColorRegister_1.0' already exists; ignoring attempt to add it again.
WARNING: [IP_Flow 19-2248] Failed to load user IP repository 'c:/Users/veron/OneDrive/Documents/GitHub/TheLegendOfSherby/ip_repo/myColorRegister_1.0'; Can't find the specified path.
If this directory should no longer be in your list of user repositories, go to the IP Settings dialog and remove it.
WARNING: [IP_Flow 19-2207] Repository 'c:/Users/veron/OneDrive/Documents/GitHub/TheLegendOfSherby/ip_repo/myColorRegister_1.0' already exists; ignoring attempt to add it again.
WARNING: [IP_Flow 19-2248] Failed to load user IP repository 'c:/Users/veron/OneDrive/Documents/GitHub/TheLegendOfSherby/ip_repo/myColorRegister_1.0'; Can't find the specified path.
If this directory should no longer be in your list of user repositories, go to the IP Settings dialog and remove it.
WARNING: [IP_Flow 19-2207] Repository 'c:/Users/veron/OneDrive/Documents/GitHub/TheLegendOfSherby/ip_repo/myColorRegister_1.0' already exists; ignoring attempt to add it again.
WARNING: [IP_Flow 19-2248] Failed to load user IP repository 'c:/Users/veron/OneDrive/Documents/GitHub/TheLegendOfSherby/ip_repo/myColorRegister_1.0'; Can't find the specified path.
If this directory should no longer be in your list of user repositories, go to the IP Settings dialog and remove it.
WARNING: [IP_Flow 19-2207] Repository 'c:/Users/veron/OneDrive/Documents/GitHub/TheLegendOfSherby/ip_repo/myColorRegister_1.0' already exists; ignoring attempt to add it again.
WARNING: [IP_Flow 19-2248] Failed to load user IP repository 'c:/Users/veron/OneDrive/Documents/GitHub/TheLegendOfSherby/ip_repo/myColorRegister_1.0'; Can't find the specified path.
If this directory should no longer be in your list of user repositories, go to the IP Settings dialog and remove it.
WARNING: [IP_Flow 19-2248] Failed to load user IP repository 'c:/Users/veron/OneDrive/Documents/GitHub/s4InfoAtelier4/s4InfoAtelier4.ipdefs/rgb2dvi'; Can't find the specified path.
If this directory should no longer be in your list of user repositories, go to the IP Settings dialog and remove it.
WARNING: [IP_Flow 19-2248] Failed to load user IP repository 'c:/Users/veron/OneDrive/Documents/GitHub/s4InfoAtelier4/s4InfoAtelier4.ipdefs/tmds_v1_0'; Can't find the specified path.
If this directory should no longer be in your list of user repositories, go to the IP Settings dialog and remove it.
set_property location {5 1279 223} [get_bd_cells BackgroundManager_0]
set_property location {4 973 19} [get_bd_cells myBackgroungManager_0]
set_property location {4 951 -56} [get_bd_cells myBackgroungManager_0]
set_property location {5 1350 210} [get_bd_cells BackgroundManager_0]
save_bd_design
Wrote  : <C:\Users\veron\OneDrive\Documents\GitHub\TheLegendOfSherby\jeu\Atelier2.srcs\sources_1\bd\Exercice2_bd\Exercice2_bd.bd> 
Wrote  : <C:/Users/veron/OneDrive/Documents/GitHub/TheLegendOfSherby/jeu/Atelier2.srcs/sources_1/bd/Exercice2_bd/ui/bd_db92a6b7.ui> 
exit
INFO: [Common 17-206] Exiting Vivado at Mon Aug  1 18:00:56 2022...
