INFO: [VRFC 10-163] Analyzing VHDL file "C:/GitHub/TheLegendOfSherby/jeu/Atelier2.srcs/sources_1/imports/composante_vhdl/tuile_package.vhd" into library xil_defaultlib
INFO: [VRFC 10-163] Analyzing VHDL file "C:/GitHub/TheLegendOfSherby/jeu/Atelier2.srcs/sources_1/imports/composante_vhdl/Background/BackgroundManager.vhd" into library xil_defaultlib
INFO: [VRFC 10-3107] analyzing entity 'BackgroundManager'
INFO: [VRFC 10-163] Analyzing VHDL file "C:/GitHub/TheLegendOfSherby/jeu/Atelier2.srcs/sources_1/imports/composante_vhdl/color_converter.vhd" into library xil_defaultlib
INFO: [VRFC 10-3107] analyzing entity 'color_converter'
INFO: [VRFC 10-163] Analyzing VHDL file "C:/GitHub/TheLegendOfSherby/jeu/Atelier2.srcs/sources_1/imports/composante_vhdl/Background/tileBgBuffer.vhd" into library xil_defaultlib
INFO: [VRFC 10-3107] analyzing entity 'tileBgBuffer'
INFO: [VRFC 10-163] Analyzing VHDL file "C:/GitHub/TheLegendOfSherby/jeu/Atelier2.srcs/sources_1/imports/new/testPatternGenerator.vhd" into library xil_defaultlib
INFO: [VRFC 10-3107] analyzing entity 'testPatternGenerator'
INFO: [VRFC 10-163] Analyzing VHDL file "C:/GitHub/TheLegendOfSherby/jeu/Atelier2.ip_user_files/bd/Exercice2_bd/ip/Exercice2_bd_proc_sys_reset_0_0/sim/Exercice2_bd_proc_sys_reset_0_0.vhd" into library xil_defaultlib
INFO: [VRFC 10-3107] analyzing entity 'Exercice2_bd_proc_sys_reset_0_0'
INFO: [VRFC 10-163] Analyzing VHDL file "C:/GitHub/TheLegendOfSherby/jeu/Atelier2.ip_user_files/bd/Exercice2_bd/ip/Exercice2_bd_v_tc_0_1/sim/Exercice2_bd_v_tc_0_1.vhd" into library xil_defaultlib
INFO: [VRFC 10-3107] analyzing entity 'Exercice2_bd_v_tc_0_1'
INFO: [VRFC 10-163] Analyzing VHDL file "C:/GitHub/TheLegendOfSherby/jeu/Atelier2.gen/sources_1/bd/Exercice2_bd/ipshared/d57c/src/ClockGen.vhd" into library xil_defaultlib
INFO: [VRFC 10-3107] analyzing entity 'ClockGen'
INFO: [VRFC 10-163] Analyzing VHDL file "C:/GitHub/TheLegendOfSherby/jeu/Atelier2.gen/sources_1/bd/Exercice2_bd/ipshared/d57c/src/SyncAsync.vhd" into library xil_defaultlib
INFO: [VRFC 10-3107] analyzing entity 'SyncAsync'
INFO: [VRFC 10-163] Analyzing VHDL file "C:/GitHub/TheLegendOfSherby/jeu/Atelier2.gen/sources_1/bd/Exercice2_bd/ipshared/d57c/src/SyncAsyncReset.vhd" into library xil_defaultlib
INFO: [VRFC 10-3107] analyzing entity 'ResetBridge'
INFO: [VRFC 10-163] Analyzing VHDL file "C:/GitHub/TheLegendOfSherby/jeu/Atelier2.gen/sources_1/bd/Exercice2_bd/ipshared/d57c/src/DVI_Constants.vhd" into library xil_defaultlib
INFO: [VRFC 10-163] Analyzing VHDL file "C:/GitHub/TheLegendOfSherby/jeu/Atelier2.gen/sources_1/bd/Exercice2_bd/ipshared/d57c/src/OutputSERDES.vhd" into library xil_defaultlib
INFO: [VRFC 10-3107] analyzing entity 'OutputSERDES'
INFO: [VRFC 10-163] Analyzing VHDL file "C:/GitHub/TheLegendOfSherby/jeu/Atelier2.gen/sources_1/bd/Exercice2_bd/ipshared/d57c/src/TMDS_Encoder.vhd" into library xil_defaultlib
INFO: [VRFC 10-3107] analyzing entity 'TMDS_Encoder'
INFO: [VRFC 10-163] Analyzing VHDL file "C:/GitHub/TheLegendOfSherby/jeu/Atelier2.gen/sources_1/bd/Exercice2_bd/ipshared/d57c/src/rgb2dvi.vhd" into library xil_defaultlib
INFO: [VRFC 10-3107] analyzing entity 'rgb2dvi'
INFO: [VRFC 10-163] Analyzing VHDL file "C:/GitHub/TheLegendOfSherby/jeu/Atelier2.ip_user_files/bd/Exercice2_bd/ip/Exercice2_bd_rgb2dvi_0_0/sim/Exercice2_bd_rgb2dvi_0_0.vhd" into library xil_defaultlib
INFO: [VRFC 10-3107] analyzing entity 'Exercice2_bd_rgb2dvi_0_0'
INFO: [VRFC 10-163] Analyzing VHDL file "C:/GitHub/TheLegendOfSherby/jeu/Atelier2.ip_user_files/bd/Exercice2_bd/ip/Exercice2_bd_v_proc_ss_0_0/bd_1/ip/ip_1/sim/bd_c788_psr_aclk_0.vhd" into library xil_defaultlib
INFO: [VRFC 10-3107] analyzing entity 'bd_c788_psr_aclk_0'
INFO: [VRFC 10-163] Analyzing VHDL file "C:/GitHub/TheLegendOfSherby/jeu/Atelier2.ip_user_files/bd/Exercice2_bd/ip/Exercice2_bd_v_proc_ss_0_0/bd_0/ip/ip_4/sim/bd_f134_rst_axis_0.vhd" into library xil_defaultlib
INFO: [VRFC 10-3107] analyzing entity 'bd_f134_rst_axis_0'
INFO: [VRFC 10-163] Analyzing VHDL file "C:/GitHub/TheLegendOfSherby/jeu/Atelier2.ip_user_files/bd/Exercice2_bd/ip/Exercice2_bd_v_proc_ss_0_0/bd_0/ip/ip_5/sim/bd_f134_reset_sel_axis_0.vhd" into library xil_defaultlib
INFO: [VRFC 10-3107] analyzing entity 'bd_f134_reset_sel_axis_0'
INFO: [VRFC 10-163] Analyzing VHDL file "C:/GitHub/TheLegendOfSherby/jeu/Atelier2.ip_user_files/bd/Exercice2_bd/ip/Exercice2_bd_v_proc_ss_0_0/bd_0/sim/bd_f134.vhd" into library xil_defaultlib
INFO: [VRFC 10-3107] analyzing entity 'bd_f134'
INFO: [VRFC 10-163] Analyzing VHDL file "C:/GitHub/TheLegendOfSherby/jeu/Atelier2.ip_user_files/bd/Exercice2_bd/ip/Exercice2_bd_v_proc_ss_0_0/sim/Exercice2_bd_v_proc_ss_0_0.vhd" into library xil_defaultlib
INFO: [VRFC 10-3107] analyzing entity 'Exercice2_bd_v_proc_ss_0_0'
INFO: [VRFC 10-163] Analyzing VHDL file "C:/GitHub/TheLegendOfSherby/jeu/Atelier2.ip_user_files/bd/Exercice2_bd/ip/Exercice2_bd_smartconnect_0_0/bd_0/ip/ip_1/sim/bd_8e83_psr0_0.vhd" into library xil_defaultlib
INFO: [VRFC 10-3107] analyzing entity 'bd_8e83_psr0_0'
INFO: [VRFC 10-163] Analyzing VHDL file "C:/GitHub/TheLegendOfSherby/jeu/Atelier2.ip_user_files/bd/Exercice2_bd/ip/Exercice2_bd_smartconnect_0_0/bd_0/ip/ip_2/sim/bd_8e83_psr_aclk_0.vhd" into library xil_defaultlib
INFO: [VRFC 10-3107] analyzing entity 'bd_8e83_psr_aclk_0'
INFO: [VRFC 10-163] Analyzing VHDL file "C:/GitHub/TheLegendOfSherby/jeu/Atelier2.ip_user_files/bd/Exercice2_bd/ip/Exercice2_bd_smartconnect_0_0/bd_0/ip/ip_3/sim/bd_8e83_psr_aclk1_0.vhd" into library xil_defaultlib
INFO: [VRFC 10-3107] analyzing entity 'bd_8e83_psr_aclk1_0'
INFO: [VRFC 10-163] Analyzing VHDL file "C:/GitHub/TheLegendOfSherby/jeu/Atelier2.ip_user_files/bd/Exercice2_bd/ipshared/e88b/src/mycolorRegister_v1_0_S00_AXI.vhd" into library xil_defaultlib
INFO: [VRFC 10-3107] analyzing entity 'mycolorRegister_v1_0_S00_AXI'
INFO: [VRFC 10-163] Analyzing VHDL file "C:/GitHub/TheLegendOfSherby/jeu/Atelier2.ip_user_files/bd/Exercice2_bd/ipshared/e88b/src/mycolorRegister_v1_0.vhd" into library xil_defaultlib
INFO: [VRFC 10-3107] analyzing entity 'mycolorRegister_v1_0'
INFO: [VRFC 10-163] Analyzing VHDL file "C:/GitHub/TheLegendOfSherby/jeu/Atelier2.ip_user_files/bd/Exercice2_bd/ip/Exercice2_bd_myColorRegister_1_1/sim/Exercice2_bd_myColorRegister_1_1.vhd" into library xil_defaultlib
INFO: [VRFC 10-3107] analyzing entity 'Exercice2_bd_myColorRegister_1_1'
INFO: [VRFC 10-163] Analyzing VHDL file "C:/GitHub/TheLegendOfSherby/jeu/Atelier2.ip_user_files/bd/Exercice2_bd/ip/Exercice2_bd_axi_gpio_0_0/sim/Exercice2_bd_axi_gpio_0_0.vhd" into library xil_defaultlib
INFO: [VRFC 10-3107] analyzing entity 'Exercice2_bd_axi_gpio_0_0'
INFO: [VRFC 10-163] Analyzing VHDL file "C:/GitHub/TheLegendOfSherby/jeu/Atelier2.ip_user_files/bd/Exercice2_bd/ip/Exercice2_bd_PmodJSTK2_0_2/src/PmodJSTK2_axi_gpio_0_0/sim/PmodJSTK2_axi_gpio_0_0.vhd" into library xil_defaultlib
INFO: [VRFC 10-3107] analyzing entity 'PmodJSTK2_axi_gpio_0_0'
INFO: [VRFC 10-163] Analyzing VHDL file "C:/GitHub/TheLegendOfSherby/jeu/Atelier2.ip_user_files/bd/Exercice2_bd/ip/Exercice2_bd_PmodJSTK2_0_2/src/PmodJSTK2_axi_quad_spi_0_0/sim/PmodJSTK2_axi_quad_spi_0_0.vhd" into library xil_defaultlib
INFO: [VRFC 10-3107] analyzing entity 'PmodJSTK2_axi_quad_spi_0_0'
INFO: [VRFC 10-163] Analyzing VHDL file "C:/GitHub/TheLegendOfSherby/jeu/Atelier2.ip_user_files/bd/Exercice2_bd/ip/Exercice2_bd_testPatternGenerator_0_0/sim/Exercice2_bd_testPatternGenerator_0_0.vhd" into library xil_defaultlib
INFO: [VRFC 10-3107] analyzing entity 'Exercice2_bd_testPatternGenerator_0_0'
INFO: [VRFC 10-163] Analyzing VHDL file "C:/GitHub/TheLegendOfSherby/jeu/Atelier2.ip_user_files/bd/Exercice2_bd/sim/Exercice2_bd.vhd" into library xil_defaultlib
INFO: [VRFC 10-3107] analyzing entity 'Exercice2_bd'
