INFO: [VRFC 10-2263] Analyzing Verilog file "C:/GitHub/TheLegendOfSherby/jeu/Atelier2.ip_user_files/bd/Exercice2_bd/ip/Exercice2_bd_processing_system7_0_0/sim/Exercice2_bd_processing_system7_0_0.v" into library xil_defaultlib
INFO: [VRFC 10-311] analyzing module Exercice2_bd_processing_system7_0_0
INFO: [VRFC 10-2263] Analyzing Verilog file "C:/GitHub/TheLegendOfSherby/jeu/Atelier2.ip_user_files/bd/Exercice2_bd/ip/Exercice2_bd_clk_wiz_0_0/Exercice2_bd_clk_wiz_0_0_clk_wiz.v" into library xil_defaultlib
INFO: [VRFC 10-311] analyzing module Exercice2_bd_clk_wiz_0_0_clk_wiz
INFO: [VRFC 10-2263] Analyzing Verilog file "C:/GitHub/TheLegendOfSherby/jeu/Atelier2.ip_user_files/bd/Exercice2_bd/ip/Exercice2_bd_clk_wiz_0_0/Exercice2_bd_clk_wiz_0_0.v" into library xil_defaultlib
INFO: [VRFC 10-311] analyzing module Exercice2_bd_clk_wiz_0_0
INFO: [VRFC 10-2263] Analyzing Verilog file "C:/GitHub/TheLegendOfSherby/jeu/Atelier2.ip_user_files/bd/Exercice2_bd/ip/Exercice2_bd_v_axi4s_vid_out_0_0/sim/Exercice2_bd_v_axi4s_vid_out_0_0.v" into library xil_defaultlib
INFO: [VRFC 10-311] analyzing module Exercice2_bd_v_axi4s_vid_out_0_0
INFO: [VRFC 10-2263] Analyzing Verilog file "C:/GitHub/TheLegendOfSherby/jeu/Atelier2.ip_user_files/bd/Exercice2_bd/ip/Exercice2_bd_v_proc_ss_0_0/bd_1/ip/ip_0/sim/bd_c788_one_0.v" into library xil_defaultlib
INFO: [VRFC 10-311] analyzing module bd_c788_one_0
INFO: [VRFC 10-2263] Analyzing SystemVerilog file "C:/GitHub/TheLegendOfSherby/jeu/Atelier2.ip_user_files/bd/Exercice2_bd/ip/Exercice2_bd_v_proc_ss_0_0/bd_1/ip/ip_2/sim/bd_c788_arinsw_0.sv" into library xil_defaultlib
INFO: [VRFC 10-311] analyzing module bd_c788_arinsw_0
INFO: [VRFC 10-2263] Analyzing SystemVerilog file "C:/GitHub/TheLegendOfSherby/jeu/Atelier2.ip_user_files/bd/Exercice2_bd/ip/Exercice2_bd_v_proc_ss_0_0/bd_1/ip/ip_3/sim/bd_c788_rinsw_0.sv" into library xil_defaultlib
INFO: [VRFC 10-311] analyzing module bd_c788_rinsw_0
INFO: [VRFC 10-2263] Analyzing SystemVerilog file "C:/GitHub/TheLegendOfSherby/jeu/Atelier2.ip_user_files/bd/Exercice2_bd/ip/Exercice2_bd_v_proc_ss_0_0/bd_1/ip/ip_4/sim/bd_c788_awinsw_0.sv" into library xil_defaultlib
INFO: [VRFC 10-311] analyzing module bd_c788_awinsw_0
INFO: [VRFC 10-2263] Analyzing SystemVerilog file "C:/GitHub/TheLegendOfSherby/jeu/Atelier2.ip_user_files/bd/Exercice2_bd/ip/Exercice2_bd_v_proc_ss_0_0/bd_1/ip/ip_5/sim/bd_c788_winsw_0.sv" into library xil_defaultlib
INFO: [VRFC 10-311] analyzing module bd_c788_winsw_0
INFO: [VRFC 10-2263] Analyzing SystemVerilog file "C:/GitHub/TheLegendOfSherby/jeu/Atelier2.ip_user_files/bd/Exercice2_bd/ip/Exercice2_bd_v_proc_ss_0_0/bd_1/ip/ip_6/sim/bd_c788_binsw_0.sv" into library xil_defaultlib
INFO: [VRFC 10-311] analyzing module bd_c788_binsw_0
INFO: [VRFC 10-2263] Analyzing SystemVerilog file "C:/GitHub/TheLegendOfSherby/jeu/Atelier2.ip_user_files/bd/Exercice2_bd/ip/Exercice2_bd_v_proc_ss_0_0/bd_1/ip/ip_7/sim/bd_c788_aroutsw_0.sv" into library xil_defaultlib
INFO: [VRFC 10-311] analyzing module bd_c788_aroutsw_0
INFO: [VRFC 10-2263] Analyzing SystemVerilog file "C:/GitHub/TheLegendOfSherby/jeu/Atelier2.ip_user_files/bd/Exercice2_bd/ip/Exercice2_bd_v_proc_ss_0_0/bd_1/ip/ip_8/sim/bd_c788_routsw_0.sv" into library xil_defaultlib
INFO: [VRFC 10-311] analyzing module bd_c788_routsw_0
INFO: [VRFC 10-2263] Analyzing SystemVerilog file "C:/GitHub/TheLegendOfSherby/jeu/Atelier2.ip_user_files/bd/Exercice2_bd/ip/Exercice2_bd_v_proc_ss_0_0/bd_1/ip/ip_9/sim/bd_c788_awoutsw_0.sv" into library xil_defaultlib
INFO: [VRFC 10-311] analyzing module bd_c788_awoutsw_0
INFO: [VRFC 10-2263] Analyzing SystemVerilog file "C:/GitHub/TheLegendOfSherby/jeu/Atelier2.ip_user_files/bd/Exercice2_bd/ip/Exercice2_bd_v_proc_ss_0_0/bd_1/ip/ip_10/sim/bd_c788_woutsw_0.sv" into library xil_defaultlib
INFO: [VRFC 10-311] analyzing module bd_c788_woutsw_0
INFO: [VRFC 10-2263] Analyzing SystemVerilog file "C:/GitHub/TheLegendOfSherby/jeu/Atelier2.ip_user_files/bd/Exercice2_bd/ip/Exercice2_bd_v_proc_ss_0_0/bd_1/ip/ip_11/sim/bd_c788_boutsw_0.sv" into library xil_defaultlib
INFO: [VRFC 10-311] analyzing module bd_c788_boutsw_0
INFO: [VRFC 10-2263] Analyzing SystemVerilog file "C:/GitHub/TheLegendOfSherby/jeu/Atelier2.ip_user_files/bd/Exercice2_bd/ip/Exercice2_bd_v_proc_ss_0_0/bd_1/ip/ip_12/sim/bd_c788_arni_0.sv" into library xil_defaultlib
INFO: [VRFC 10-311] analyzing module bd_c788_arni_0
INFO: [VRFC 10-2263] Analyzing SystemVerilog file "C:/GitHub/TheLegendOfSherby/jeu/Atelier2.ip_user_files/bd/Exercice2_bd/ip/Exercice2_bd_v_proc_ss_0_0/bd_1/ip/ip_13/sim/bd_c788_rni_0.sv" into library xil_defaultlib
INFO: [VRFC 10-311] analyzing module bd_c788_rni_0
INFO: [VRFC 10-2263] Analyzing SystemVerilog file "C:/GitHub/TheLegendOfSherby/jeu/Atelier2.ip_user_files/bd/Exercice2_bd/ip/Exercice2_bd_v_proc_ss_0_0/bd_1/ip/ip_14/sim/bd_c788_awni_0.sv" into library xil_defaultlib
INFO: [VRFC 10-311] analyzing module bd_c788_awni_0
INFO: [VRFC 10-2263] Analyzing SystemVerilog file "C:/GitHub/TheLegendOfSherby/jeu/Atelier2.ip_user_files/bd/Exercice2_bd/ip/Exercice2_bd_v_proc_ss_0_0/bd_1/ip/ip_15/sim/bd_c788_wni_0.sv" into library xil_defaultlib
INFO: [VRFC 10-311] analyzing module bd_c788_wni_0
INFO: [VRFC 10-2263] Analyzing SystemVerilog file "C:/GitHub/TheLegendOfSherby/jeu/Atelier2.ip_user_files/bd/Exercice2_bd/ip/Exercice2_bd_v_proc_ss_0_0/bd_1/ip/ip_16/sim/bd_c788_bni_0.sv" into library xil_defaultlib
INFO: [VRFC 10-311] analyzing module bd_c788_bni_0
INFO: [VRFC 10-2263] Analyzing SystemVerilog file "C:/GitHub/TheLegendOfSherby/jeu/Atelier2.ip_user_files/bd/Exercice2_bd/ip/Exercice2_bd_v_proc_ss_0_0/bd_1/ip/ip_17/sim/bd_c788_s00mmu_0.sv" into library xil_defaultlib
INFO: [VRFC 10-311] analyzing module bd_c788_s00mmu_0
INFO: [VRFC 10-2263] Analyzing SystemVerilog file "C:/GitHub/TheLegendOfSherby/jeu/Atelier2.ip_user_files/bd/Exercice2_bd/ip/Exercice2_bd_v_proc_ss_0_0/bd_1/ip/ip_18/sim/bd_c788_s00tr_0.sv" into library xil_defaultlib
INFO: [VRFC 10-311] analyzing module bd_c788_s00tr_0
INFO: [VRFC 10-2263] Analyzing SystemVerilog file "C:/GitHub/TheLegendOfSherby/jeu/Atelier2.ip_user_files/bd/Exercice2_bd/ip/Exercice2_bd_v_proc_ss_0_0/bd_1/ip/ip_19/sim/bd_c788_s00sic_0.sv" into library xil_defaultlib
INFO: [VRFC 10-311] analyzing module bd_c788_s00sic_0
INFO: [VRFC 10-2263] Analyzing SystemVerilog file "C:/GitHub/TheLegendOfSherby/jeu/Atelier2.ip_user_files/bd/Exercice2_bd/ip/Exercice2_bd_v_proc_ss_0_0/bd_1/ip/ip_20/sim/bd_c788_s00a2s_0.sv" into library xil_defaultlib
INFO: [VRFC 10-311] analyzing module bd_c788_s00a2s_0
INFO: [VRFC 10-2263] Analyzing SystemVerilog file "C:/GitHub/TheLegendOfSherby/jeu/Atelier2.ip_user_files/bd/Exercice2_bd/ip/Exercice2_bd_v_proc_ss_0_0/bd_1/ip/ip_21/sim/bd_c788_sarn_0.sv" into library xil_defaultlib
INFO: [VRFC 10-311] analyzing module bd_c788_sarn_0
INFO: [VRFC 10-2263] Analyzing SystemVerilog file "C:/GitHub/TheLegendOfSherby/jeu/Atelier2.ip_user_files/bd/Exercice2_bd/ip/Exercice2_bd_v_proc_ss_0_0/bd_1/ip/ip_22/sim/bd_c788_srn_0.sv" into library xil_defaultlib
INFO: [VRFC 10-311] analyzing module bd_c788_srn_0
INFO: [VRFC 10-2263] Analyzing SystemVerilog file "C:/GitHub/TheLegendOfSherby/jeu/Atelier2.ip_user_files/bd/Exercice2_bd/ip/Exercice2_bd_v_proc_ss_0_0/bd_1/ip/ip_23/sim/bd_c788_sawn_0.sv" into library xil_defaultlib
INFO: [VRFC 10-311] analyzing module bd_c788_sawn_0
INFO: [VRFC 10-2263] Analyzing SystemVerilog file "C:/GitHub/TheLegendOfSherby/jeu/Atelier2.ip_user_files/bd/Exercice2_bd/ip/Exercice2_bd_v_proc_ss_0_0/bd_1/ip/ip_24/sim/bd_c788_swn_0.sv" into library xil_defaultlib
INFO: [VRFC 10-311] analyzing module bd_c788_swn_0
INFO: [VRFC 10-2263] Analyzing SystemVerilog file "C:/GitHub/TheLegendOfSherby/jeu/Atelier2.ip_user_files/bd/Exercice2_bd/ip/Exercice2_bd_v_proc_ss_0_0/bd_1/ip/ip_25/sim/bd_c788_sbn_0.sv" into library xil_defaultlib
INFO: [VRFC 10-311] analyzing module bd_c788_sbn_0
INFO: [VRFC 10-2263] Analyzing SystemVerilog file "C:/GitHub/TheLegendOfSherby/jeu/Atelier2.ip_user_files/bd/Exercice2_bd/ip/Exercice2_bd_v_proc_ss_0_0/bd_1/ip/ip_26/sim/bd_c788_m00s2a_0.sv" into library xil_defaultlib
INFO: [VRFC 10-311] analyzing module bd_c788_m00s2a_0
INFO: [VRFC 10-2263] Analyzing SystemVerilog file "C:/GitHub/TheLegendOfSherby/jeu/Atelier2.ip_user_files/bd/Exercice2_bd/ip/Exercice2_bd_v_proc_ss_0_0/bd_1/ip/ip_27/sim/bd_c788_m00arn_0.sv" into library xil_defaultlib
INFO: [VRFC 10-311] analyzing module bd_c788_m00arn_0
INFO: [VRFC 10-2263] Analyzing SystemVerilog file "C:/GitHub/TheLegendOfSherby/jeu/Atelier2.ip_user_files/bd/Exercice2_bd/ip/Exercice2_bd_v_proc_ss_0_0/bd_1/ip/ip_28/sim/bd_c788_m00rn_0.sv" into library xil_defaultlib
INFO: [VRFC 10-311] analyzing module bd_c788_m00rn_0
INFO: [VRFC 10-2263] Analyzing SystemVerilog file "C:/GitHub/TheLegendOfSherby/jeu/Atelier2.ip_user_files/bd/Exercice2_bd/ip/Exercice2_bd_v_proc_ss_0_0/bd_1/ip/ip_29/sim/bd_c788_m00awn_0.sv" into library xil_defaultlib
INFO: [VRFC 10-311] analyzing module bd_c788_m00awn_0
INFO: [VRFC 10-2263] Analyzing SystemVerilog file "C:/GitHub/TheLegendOfSherby/jeu/Atelier2.ip_user_files/bd/Exercice2_bd/ip/Exercice2_bd_v_proc_ss_0_0/bd_1/ip/ip_30/sim/bd_c788_m00wn_0.sv" into library xil_defaultlib
INFO: [VRFC 10-311] analyzing module bd_c788_m00wn_0
INFO: [VRFC 10-2263] Analyzing SystemVerilog file "C:/GitHub/TheLegendOfSherby/jeu/Atelier2.ip_user_files/bd/Exercice2_bd/ip/Exercice2_bd_v_proc_ss_0_0/bd_1/ip/ip_31/sim/bd_c788_m00bn_0.sv" into library xil_defaultlib
INFO: [VRFC 10-311] analyzing module bd_c788_m00bn_0
INFO: [VRFC 10-2263] Analyzing SystemVerilog file "C:/GitHub/TheLegendOfSherby/jeu/Atelier2.ip_user_files/bd/Exercice2_bd/ip/Exercice2_bd_v_proc_ss_0_0/bd_1/ip/ip_32/sim/bd_c788_m00e_0.sv" into library xil_defaultlib
INFO: [VRFC 10-311] analyzing module bd_c788_m00e_0
INFO: [VRFC 10-2263] Analyzing SystemVerilog file "C:/GitHub/TheLegendOfSherby/jeu/Atelier2.ip_user_files/bd/Exercice2_bd/ip/Exercice2_bd_v_proc_ss_0_0/bd_1/ip/ip_33/sim/bd_c788_m01s2a_0.sv" into library xil_defaultlib
INFO: [VRFC 10-311] analyzing module bd_c788_m01s2a_0
INFO: [VRFC 10-2263] Analyzing SystemVerilog file "C:/GitHub/TheLegendOfSherby/jeu/Atelier2.ip_user_files/bd/Exercice2_bd/ip/Exercice2_bd_v_proc_ss_0_0/bd_1/ip/ip_34/sim/bd_c788_m01arn_0.sv" into library xil_defaultlib
INFO: [VRFC 10-311] analyzing module bd_c788_m01arn_0
INFO: [VRFC 10-2263] Analyzing SystemVerilog file "C:/GitHub/TheLegendOfSherby/jeu/Atelier2.ip_user_files/bd/Exercice2_bd/ip/Exercice2_bd_v_proc_ss_0_0/bd_1/ip/ip_35/sim/bd_c788_m01rn_0.sv" into library xil_defaultlib
INFO: [VRFC 10-311] analyzing module bd_c788_m01rn_0
INFO: [VRFC 10-2263] Analyzing SystemVerilog file "C:/GitHub/TheLegendOfSherby/jeu/Atelier2.ip_user_files/bd/Exercice2_bd/ip/Exercice2_bd_v_proc_ss_0_0/bd_1/ip/ip_36/sim/bd_c788_m01awn_0.sv" into library xil_defaultlib
INFO: [VRFC 10-311] analyzing module bd_c788_m01awn_0
INFO: [VRFC 10-2263] Analyzing SystemVerilog file "C:/GitHub/TheLegendOfSherby/jeu/Atelier2.ip_user_files/bd/Exercice2_bd/ip/Exercice2_bd_v_proc_ss_0_0/bd_1/ip/ip_37/sim/bd_c788_m01wn_0.sv" into library xil_defaultlib
INFO: [VRFC 10-311] analyzing module bd_c788_m01wn_0
INFO: [VRFC 10-2263] Analyzing SystemVerilog file "C:/GitHub/TheLegendOfSherby/jeu/Atelier2.ip_user_files/bd/Exercice2_bd/ip/Exercice2_bd_v_proc_ss_0_0/bd_1/ip/ip_38/sim/bd_c788_m01bn_0.sv" into library xil_defaultlib
INFO: [VRFC 10-311] analyzing module bd_c788_m01bn_0
INFO: [VRFC 10-2263] Analyzing SystemVerilog file "C:/GitHub/TheLegendOfSherby/jeu/Atelier2.ip_user_files/bd/Exercice2_bd/ip/Exercice2_bd_v_proc_ss_0_0/bd_1/ip/ip_39/sim/bd_c788_m01e_0.sv" into library xil_defaultlib
INFO: [VRFC 10-311] analyzing module bd_c788_m01e_0
INFO: [VRFC 10-2263] Analyzing SystemVerilog file "C:/GitHub/TheLegendOfSherby/jeu/Atelier2.ip_user_files/bd/Exercice2_bd/ip/Exercice2_bd_v_proc_ss_0_0/bd_1/ip/ip_40/sim/bd_c788_m02s2a_0.sv" into library xil_defaultlib
INFO: [VRFC 10-311] analyzing module bd_c788_m02s2a_0
INFO: [VRFC 10-2263] Analyzing SystemVerilog file "C:/GitHub/TheLegendOfSherby/jeu/Atelier2.ip_user_files/bd/Exercice2_bd/ip/Exercice2_bd_v_proc_ss_0_0/bd_1/ip/ip_41/sim/bd_c788_m02arn_0.sv" into library xil_defaultlib
INFO: [VRFC 10-311] analyzing module bd_c788_m02arn_0
INFO: [VRFC 10-2263] Analyzing SystemVerilog file "C:/GitHub/TheLegendOfSherby/jeu/Atelier2.ip_user_files/bd/Exercice2_bd/ip/Exercice2_bd_v_proc_ss_0_0/bd_1/ip/ip_42/sim/bd_c788_m02rn_0.sv" into library xil_defaultlib
INFO: [VRFC 10-311] analyzing module bd_c788_m02rn_0
INFO: [VRFC 10-2263] Analyzing SystemVerilog file "C:/GitHub/TheLegendOfSherby/jeu/Atelier2.ip_user_files/bd/Exercice2_bd/ip/Exercice2_bd_v_proc_ss_0_0/bd_1/ip/ip_43/sim/bd_c788_m02awn_0.sv" into library xil_defaultlib
INFO: [VRFC 10-311] analyzing module bd_c788_m02awn_0
INFO: [VRFC 10-2263] Analyzing SystemVerilog file "C:/GitHub/TheLegendOfSherby/jeu/Atelier2.ip_user_files/bd/Exercice2_bd/ip/Exercice2_bd_v_proc_ss_0_0/bd_1/ip/ip_44/sim/bd_c788_m02wn_0.sv" into library xil_defaultlib
INFO: [VRFC 10-311] analyzing module bd_c788_m02wn_0
INFO: [VRFC 10-2263] Analyzing SystemVerilog file "C:/GitHub/TheLegendOfSherby/jeu/Atelier2.ip_user_files/bd/Exercice2_bd/ip/Exercice2_bd_v_proc_ss_0_0/bd_1/ip/ip_45/sim/bd_c788_m02bn_0.sv" into library xil_defaultlib
INFO: [VRFC 10-311] analyzing module bd_c788_m02bn_0
INFO: [VRFC 10-2263] Analyzing SystemVerilog file "C:/GitHub/TheLegendOfSherby/jeu/Atelier2.ip_user_files/bd/Exercice2_bd/ip/Exercice2_bd_v_proc_ss_0_0/bd_1/ip/ip_46/sim/bd_c788_m02e_0.sv" into library xil_defaultlib
INFO: [VRFC 10-311] analyzing module bd_c788_m02e_0
INFO: [VRFC 10-2263] Analyzing Verilog file "C:/GitHub/TheLegendOfSherby/jeu/Atelier2.ip_user_files/bd/Exercice2_bd/ip/Exercice2_bd_v_proc_ss_0_0/bd_1/sim/bd_c788.v" into library xil_defaultlib
INFO: [VRFC 10-311] analyzing module bd_c788
INFO: [VRFC 10-311] analyzing module clk_map_imp_7XOKIV
INFO: [VRFC 10-311] analyzing module i_nodes_imp_1PG5IX5
INFO: [VRFC 10-311] analyzing module m00_exit_pipeline_imp_1RBK2M4
INFO: [VRFC 10-311] analyzing module m00_nodes_imp_1DY4GSW
INFO: [VRFC 10-311] analyzing module m01_exit_pipeline_imp_1VGGTMK
INFO: [VRFC 10-311] analyzing module m01_nodes_imp_BE0BQE
INFO: [VRFC 10-311] analyzing module m02_exit_pipeline_imp_1K5PQRG
INFO: [VRFC 10-311] analyzing module m02_nodes_imp_NPAV25
INFO: [VRFC 10-311] analyzing module s00_entry_pipeline_imp_SM2CE7
INFO: [VRFC 10-311] analyzing module s00_nodes_imp_VT77S5
INFO: [VRFC 10-311] analyzing module switchboards_imp_70WLKH
INFO: [VRFC 10-2263] Analyzing Verilog file "C:/GitHub/TheLegendOfSherby/jeu/Atelier2.ip_user_files/bd/Exercice2_bd/ip/Exercice2_bd_v_proc_ss_0_0/bd_0/ip/ip_0/sim/bd_f134_smartconnect_0_0.v" into library xil_defaultlib
INFO: [VRFC 10-311] analyzing module bd_f134_smartconnect_0_0
INFO: [VRFC 10-2263] Analyzing Verilog file "C:/GitHub/TheLegendOfSherby/jeu/Atelier2.ip_user_files/bd/Exercice2_bd/ip/Exercice2_bd_v_proc_ss_0_0/bd_0/ip/ip_1/hdl/verilog/bd_f134_vsc_0_AXIvideo2MultiPixStream.v" into library xil_defaultlib
INFO: [VRFC 10-311] analyzing module bd_f134_vsc_0_AXIvideo2MultiPixStream
INFO: [VRFC 10-2263] Analyzing Verilog file "C:/GitHub/TheLegendOfSherby/jeu/Atelier2.ip_user_files/bd/Exercice2_bd/ip/Exercice2_bd_v_proc_ss_0_0/bd_0/ip/ip_1/hdl/verilog/bd_f134_vsc_0_Block_split4_proc.v" into library xil_defaultlib
INFO: [VRFC 10-311] analyzing module bd_f134_vsc_0_Block_split4_proc
INFO: [VRFC 10-2263] Analyzing Verilog file "C:/GitHub/TheLegendOfSherby/jeu/Atelier2.ip_user_files/bd/Exercice2_bd/ip/Exercice2_bd_v_proc_ss_0_0/bd_0/ip/ip_1/hdl/verilog/bd_f134_vsc_0_CTRL_s_axi.v" into library xil_defaultlib
INFO: [VRFC 10-311] analyzing module bd_f134_vsc_0_CTRL_s_axi
INFO: [VRFC 10-311] analyzing module bd_f134_vsc_0_CTRL_s_axi_ram
INFO: [VRFC 10-2263] Analyzing Verilog file "C:/GitHub/TheLegendOfSherby/jeu/Atelier2.ip_user_files/bd/Exercice2_bd/ip/Exercice2_bd_v_proc_ss_0_0/bd_0/ip/ip_1/hdl/verilog/bd_f134_vsc_0_fifo_w8_d2_S.v" into library xil_defaultlib
INFO: [VRFC 10-311] analyzing module bd_f134_vsc_0_fifo_w8_d2_S_shiftReg
INFO: [VRFC 10-311] analyzing module bd_f134_vsc_0_fifo_w8_d2_S
INFO: [VRFC 10-2263] Analyzing Verilog file "C:/GitHub/TheLegendOfSherby/jeu/Atelier2.ip_user_files/bd/Exercice2_bd/ip/Exercice2_bd_v_proc_ss_0_0/bd_0/ip/ip_1/hdl/verilog/bd_f134_vsc_0_fifo_w8_d3_S.v" into library xil_defaultlib
INFO: [VRFC 10-311] analyzing module bd_f134_vsc_0_fifo_w8_d3_S_shiftReg
INFO: [VRFC 10-311] analyzing module bd_f134_vsc_0_fifo_w8_d3_S
INFO: [VRFC 10-2263] Analyzing Verilog file "C:/GitHub/TheLegendOfSherby/jeu/Atelier2.ip_user_files/bd/Exercice2_bd/ip/Exercice2_bd_v_proc_ss_0_0/bd_0/ip/ip_1/hdl/verilog/bd_f134_vsc_0_fifo_w10_d2_S.v" into library xil_defaultlib
INFO: [VRFC 10-311] analyzing module bd_f134_vsc_0_fifo_w10_d2_S_shiftReg
INFO: [VRFC 10-311] analyzing module bd_f134_vsc_0_fifo_w10_d2_S
INFO: [VRFC 10-2263] Analyzing Verilog file "C:/GitHub/TheLegendOfSherby/jeu/Atelier2.ip_user_files/bd/Exercice2_bd/ip/Exercice2_bd_v_proc_ss_0_0/bd_0/ip/ip_1/hdl/verilog/bd_f134_vsc_0_fifo_w10_d4_S.v" into library xil_defaultlib
INFO: [VRFC 10-311] analyzing module bd_f134_vsc_0_fifo_w10_d4_S_shiftReg
INFO: [VRFC 10-311] analyzing module bd_f134_vsc_0_fifo_w10_d4_S
INFO: [VRFC 10-2263] Analyzing Verilog file "C:/GitHub/TheLegendOfSherby/jeu/Atelier2.ip_user_files/bd/Exercice2_bd/ip/Exercice2_bd_v_proc_ss_0_0/bd_0/ip/ip_1/hdl/verilog/bd_f134_vsc_0_fifo_w11_d2_S.v" into library xil_defaultlib
INFO: [VRFC 10-311] analyzing module bd_f134_vsc_0_fifo_w11_d2_S_shiftReg
INFO: [VRFC 10-311] analyzing module bd_f134_vsc_0_fifo_w11_d2_S
INFO: [VRFC 10-2263] Analyzing Verilog file "C:/GitHub/TheLegendOfSherby/jeu/Atelier2.ip_user_files/bd/Exercice2_bd/ip/Exercice2_bd_v_proc_ss_0_0/bd_0/ip/ip_1/hdl/verilog/bd_f134_vsc_0_fifo_w24_d16_S.v" into library xil_defaultlib
INFO: [VRFC 10-311] analyzing module bd_f134_vsc_0_fifo_w24_d16_S_shiftReg
INFO: [VRFC 10-311] analyzing module bd_f134_vsc_0_fifo_w24_d16_S
INFO: [VRFC 10-2263] Analyzing Verilog file "C:/GitHub/TheLegendOfSherby/jeu/Atelier2.ip_user_files/bd/Exercice2_bd/ip/Exercice2_bd_v_proc_ss_0_0/bd_0/ip/ip_1/hdl/verilog/bd_f134_vsc_0_fifo_w32_d4_S.v" into library xil_defaultlib
INFO: [VRFC 10-311] analyzing module bd_f134_vsc_0_fifo_w32_d4_S_shiftReg
INFO: [VRFC 10-311] analyzing module bd_f134_vsc_0_fifo_w32_d4_S
INFO: [VRFC 10-2263] Analyzing Verilog file "C:/GitHub/TheLegendOfSherby/jeu/Atelier2.ip_user_files/bd/Exercice2_bd/ip/Exercice2_bd_v_proc_ss_0_0/bd_0/ip/ip_1/hdl/verilog/bd_f134_vsc_0_hls_deadlock_detection_unit.v" into library xil_defaultlib
INFO: [VRFC 10-311] analyzing module bd_f134_vsc_0_hls_deadlock_detect_unit
INFO: [VRFC 10-2263] Analyzing Verilog file "C:/GitHub/TheLegendOfSherby/jeu/Atelier2.ip_user_files/bd/Exercice2_bd/ip/Exercice2_bd_v_proc_ss_0_0/bd_0/ip/ip_1/hdl/verilog/bd_f134_vsc_0_mac_muladd_8ns_16s_13ns_24_4_1.v" into library xil_defaultlib
INFO: [VRFC 10-311] analyzing module bd_f134_vsc_0_mac_muladd_8ns_16s_13ns_24_4_1_DSP48_0
INFO: [VRFC 10-311] analyzing module bd_f134_vsc_0_mac_muladd_8ns_16s_13ns_24_4_1
INFO: [VRFC 10-2263] Analyzing Verilog file "C:/GitHub/TheLegendOfSherby/jeu/Atelier2.ip_user_files/bd/Exercice2_bd/ip/Exercice2_bd_v_proc_ss_0_0/bd_0/ip/ip_1/hdl/verilog/bd_f134_vsc_0_mac_muladd_8ns_16s_24s_25_4_1.v" into library xil_defaultlib
INFO: [VRFC 10-311] analyzing module bd_f134_vsc_0_mac_muladd_8ns_16s_24s_25_4_1_DSP48_1
INFO: [VRFC 10-311] analyzing module bd_f134_vsc_0_mac_muladd_8ns_16s_24s_25_4_1
INFO: [VRFC 10-2263] Analyzing Verilog file "C:/GitHub/TheLegendOfSherby/jeu/Atelier2.ip_user_files/bd/Exercice2_bd/ip/Exercice2_bd_v_proc_ss_0_0/bd_0/ip/ip_1/hdl/verilog/bd_f134_vsc_0_mac_muladd_8ns_16s_25s_26_4_1.v" into library xil_defaultlib
INFO: [VRFC 10-311] analyzing module bd_f134_vsc_0_mac_muladd_8ns_16s_25s_26_4_1_DSP48_2
INFO: [VRFC 10-311] analyzing module bd_f134_vsc_0_mac_muladd_8ns_16s_25s_26_4_1
INFO: [VRFC 10-2263] Analyzing Verilog file "C:/GitHub/TheLegendOfSherby/jeu/Atelier2.ip_user_files/bd/Exercice2_bd/ip/Exercice2_bd_v_proc_ss_0_0/bd_0/ip/ip_1/hdl/verilog/bd_f134_vsc_0_mac_muladd_8ns_16s_26s_26_4_1.v" into library xil_defaultlib
INFO: [VRFC 10-311] analyzing module bd_f134_vsc_0_mac_muladd_8ns_16s_26s_26_4_1_DSP48_3
INFO: [VRFC 10-311] analyzing module bd_f134_vsc_0_mac_muladd_8ns_16s_26s_26_4_1
INFO: [VRFC 10-2263] Analyzing Verilog file "C:/GitHub/TheLegendOfSherby/jeu/Atelier2.ip_user_files/bd/Exercice2_bd/ip/Exercice2_bd_v_proc_ss_0_0/bd_0/ip/ip_1/hdl/verilog/bd_f134_vsc_0_mac_muladd_8ns_16s_26s_27_4_1.v" into library xil_defaultlib
INFO: [VRFC 10-311] analyzing module bd_f134_vsc_0_mac_muladd_8ns_16s_26s_27_4_1_DSP48_4
INFO: [VRFC 10-311] analyzing module bd_f134_vsc_0_mac_muladd_8ns_16s_26s_27_4_1
INFO: [VRFC 10-2263] Analyzing Verilog file "C:/GitHub/TheLegendOfSherby/jeu/Atelier2.ip_user_files/bd/Exercice2_bd/ip/Exercice2_bd_v_proc_ss_0_0/bd_0/ip/ip_1/hdl/verilog/bd_f134_vsc_0_mac_muladd_8ns_16s_27s_27_4_1.v" into library xil_defaultlib
INFO: [VRFC 10-311] analyzing module bd_f134_vsc_0_mac_muladd_8ns_16s_27s_27_4_1_DSP48_5
INFO: [VRFC 10-311] analyzing module bd_f134_vsc_0_mac_muladd_8ns_16s_27s_27_4_1
INFO: [VRFC 10-2263] Analyzing Verilog file "C:/GitHub/TheLegendOfSherby/jeu/Atelier2.ip_user_files/bd/Exercice2_bd/ip/Exercice2_bd_v_proc_ss_0_0/bd_0/ip/ip_1/hdl/verilog/bd_f134_vsc_0_MultiPixStream2AXIvideo.v" into library xil_defaultlib
INFO: [VRFC 10-311] analyzing module bd_f134_vsc_0_MultiPixStream2AXIvideo
INFO: [VRFC 10-2263] Analyzing Verilog file "C:/GitHub/TheLegendOfSherby/jeu/Atelier2.ip_user_files/bd/Exercice2_bd/ip/Exercice2_bd_v_proc_ss_0_0/bd_0/ip/ip_1/hdl/verilog/bd_f134_vsc_0_reg_unsigned_short_s.v" into library xil_defaultlib
INFO: [VRFC 10-311] analyzing module bd_f134_vsc_0_reg_unsigned_short_s
INFO: [VRFC 10-2263] Analyzing Verilog file "C:/GitHub/TheLegendOfSherby/jeu/Atelier2.ip_user_files/bd/Exercice2_bd/ip/Exercice2_bd_v_proc_ss_0_0/bd_0/ip/ip_1/hdl/verilog/bd_f134_vsc_0_regslice_both.v" into library xil_defaultlib
INFO: [VRFC 10-311] analyzing module bd_f134_vsc_0_regslice_both
INFO: [VRFC 10-311] analyzing module bd_f134_vsc_0_regslice_both_w1
INFO: [VRFC 10-2263] Analyzing Verilog file "C:/GitHub/TheLegendOfSherby/jeu/Atelier2.ip_user_files/bd/Exercice2_bd/ip/Exercice2_bd_v_proc_ss_0_0/bd_0/ip/ip_1/hdl/verilog/bd_f134_vsc_0_start_for_AXIvideo2MultiPixStream_U0.v" into library xil_defaultlib
INFO: [VRFC 10-311] analyzing module bd_f134_vsc_0_start_for_AXIvideo2MultiPixStream_U0_shiftReg
INFO: [VRFC 10-311] analyzing module bd_f134_vsc_0_start_for_AXIvideo2MultiPixStream_U0
INFO: [VRFC 10-2263] Analyzing Verilog file "C:/GitHub/TheLegendOfSherby/jeu/Atelier2.ip_user_files/bd/Exercice2_bd/ip/Exercice2_bd_v_proc_ss_0_0/bd_0/ip/ip_1/hdl/verilog/bd_f134_vsc_0_start_for_MultiPixStream2AXIvideo_U0.v" into library xil_defaultlib
INFO: [VRFC 10-311] analyzing module bd_f134_vsc_0_start_for_MultiPixStream2AXIvideo_U0_shiftReg
INFO: [VRFC 10-311] analyzing module bd_f134_vsc_0_start_for_MultiPixStream2AXIvideo_U0
INFO: [VRFC 10-2263] Analyzing Verilog file "C:/GitHub/TheLegendOfSherby/jeu/Atelier2.ip_user_files/bd/Exercice2_bd/ip/Exercice2_bd_v_proc_ss_0_0/bd_0/ip/ip_1/hdl/verilog/bd_f134_vsc_0_start_for_v_vcresampler_core_U0.v" into library xil_defaultlib
INFO: [VRFC 10-311] analyzing module bd_f134_vsc_0_start_for_v_vcresampler_core_U0_shiftReg
INFO: [VRFC 10-311] analyzing module bd_f134_vsc_0_start_for_v_vcresampler_core_U0
INFO: [VRFC 10-2263] Analyzing Verilog file "C:/GitHub/TheLegendOfSherby/jeu/Atelier2.ip_user_files/bd/Exercice2_bd/ip/Exercice2_bd_v_proc_ss_0_0/bd_0/ip/ip_1/hdl/verilog/bd_f134_vsc_0_v_vcresampler_core.v" into library xil_defaultlib
INFO: [VRFC 10-311] analyzing module bd_f134_vsc_0_v_vcresampler_core
INFO: [VRFC 10-2263] Analyzing Verilog file "C:/GitHub/TheLegendOfSherby/jeu/Atelier2.ip_user_files/bd/Exercice2_bd/ip/Exercice2_bd_v_proc_ss_0_0/bd_0/ip/ip_1/hdl/verilog/bd_f134_vsc_0_v_vcresampler_core_linebuf_c_val_V_2.v" into library xil_defaultlib
INFO: [VRFC 10-311] analyzing module bd_f134_vsc_0_v_vcresampler_core_linebuf_c_val_V_2_rom
INFO: [VRFC 10-311] analyzing module bd_f134_vsc_0_v_vcresampler_core_linebuf_c_val_V_2
INFO: [VRFC 10-2263] Analyzing Verilog file "C:/GitHub/TheLegendOfSherby/jeu/Atelier2.ip_user_files/bd/Exercice2_bd/ip/Exercice2_bd_v_proc_ss_0_0/bd_0/ip/ip_1/hdl/verilog/bd_f134_vsc_0_v_vcresampler_core_linebuf_y_val_V_0.v" into library xil_defaultlib
INFO: [VRFC 10-311] analyzing module bd_f134_vsc_0_v_vcresampler_core_linebuf_y_val_V_0_ram
INFO: [VRFC 10-311] analyzing module bd_f134_vsc_0_v_vcresampler_core_linebuf_y_val_V_0
INFO: [VRFC 10-2263] Analyzing Verilog file "C:/GitHub/TheLegendOfSherby/jeu/Atelier2.ip_user_files/bd/Exercice2_bd/ip/Exercice2_bd_v_proc_ss_0_0/bd_0/ip/ip_1/hdl/verilog/bd_f134_vsc_0_v_vcresampler_core_linebuf_y_val_V_1.v" into library xil_defaultlib
INFO: [VRFC 10-311] analyzing module bd_f134_vsc_0_v_vcresampler_core_linebuf_y_val_V_1_ram
INFO: [VRFC 10-311] analyzing module bd_f134_vsc_0_v_vcresampler_core_linebuf_y_val_V_1
INFO: [VRFC 10-2263] Analyzing Verilog file "C:/GitHub/TheLegendOfSherby/jeu/Atelier2.ip_user_files/bd/Exercice2_bd/ip/Exercice2_bd_v_proc_ss_0_0/bd_0/ip/ip_1/hdl/verilog/bd_f134_vsc_0_vscale_core_polyphase.v" into library xil_defaultlib
INFO: [VRFC 10-311] analyzing module bd_f134_vsc_0_vscale_core_polyphase
INFO: [VRFC 10-2263] Analyzing Verilog file "C:/GitHub/TheLegendOfSherby/jeu/Atelier2.ip_user_files/bd/Exercice2_bd/ip/Exercice2_bd_v_proc_ss_0_0/bd_0/ip/ip_1/hdl/verilog/bd_f134_vsc_0_vscale_core_polyphase_FiltCoeff_0.v" into library xil_defaultlib
INFO: [VRFC 10-311] analyzing module bd_f134_vsc_0_vscale_core_polyphase_FiltCoeff_0_ram
INFO: [VRFC 10-311] analyzing module bd_f134_vsc_0_vscale_core_polyphase_FiltCoeff_0
INFO: [VRFC 10-2263] Analyzing Verilog file "C:/GitHub/TheLegendOfSherby/jeu/Atelier2.ip_user_files/bd/Exercice2_bd/ip/Exercice2_bd_v_proc_ss_0_0/bd_0/ip/ip_1/hdl/verilog/bd_f134_vsc_0_vscale_core_polyphase_LineBuf_val_V_0.v" into library xil_defaultlib
INFO: [VRFC 10-311] analyzing module bd_f134_vsc_0_vscale_core_polyphase_LineBuf_val_V_0_ram
INFO: [VRFC 10-311] analyzing module bd_f134_vsc_0_vscale_core_polyphase_LineBuf_val_V_0
INFO: [VRFC 10-2263] Analyzing Verilog file "C:/GitHub/TheLegendOfSherby/jeu/Atelier2.ip_user_files/bd/Exercice2_bd/ip/Exercice2_bd_v_proc_ss_0_0/bd_0/ip/ip_1/hdl/verilog/bd_f134_vsc_0_v_vscaler.v" into library xil_defaultlib
INFO: [VRFC 10-311] analyzing module bd_f134_vsc_0_v_vscaler
INFO: [VRFC 10-2263] Analyzing Verilog file "C:/GitHub/TheLegendOfSherby/jeu/Atelier2.ip_user_files/bd/Exercice2_bd/ip/Exercice2_bd_v_proc_ss_0_0/bd_0/ip/ip_1/sim/bd_f134_vsc_0.v" into library xil_defaultlib
INFO: [VRFC 10-311] analyzing module bd_f134_vsc_0
INFO: [VRFC 10-2263] Analyzing Verilog file "C:/GitHub/TheLegendOfSherby/jeu/Atelier2.ip_user_files/bd/Exercice2_bd/ip/Exercice2_bd_v_proc_ss_0_0/bd_0/ip/ip_2/hdl/verilog/bd_f134_hsc_0_AXIvideo2MultiPixStream.v" into library xil_defaultlib
INFO: [VRFC 10-311] analyzing module bd_f134_hsc_0_AXIvideo2MultiPixStream
INFO: [VRFC 10-2263] Analyzing Verilog file "C:/GitHub/TheLegendOfSherby/jeu/Atelier2.ip_user_files/bd/Exercice2_bd/ip/Exercice2_bd_v_proc_ss_0_0/bd_0/ip/ip_2/hdl/verilog/bd_f134_hsc_0_Block_split1_proc.v" into library xil_defaultlib
INFO: [VRFC 10-311] analyzing module bd_f134_hsc_0_Block_split1_proc
INFO: [VRFC 10-2263] Analyzing Verilog file "C:/GitHub/TheLegendOfSherby/jeu/Atelier2.ip_user_files/bd/Exercice2_bd/ip/Exercice2_bd_v_proc_ss_0_0/bd_0/ip/ip_2/hdl/verilog/bd_f134_hsc_0_Block_split12_proc.v" into library xil_defaultlib
INFO: [VRFC 10-311] analyzing module bd_f134_hsc_0_Block_split12_proc
INFO: [VRFC 10-2263] Analyzing Verilog file "C:/GitHub/TheLegendOfSherby/jeu/Atelier2.ip_user_files/bd/Exercice2_bd/ip/Exercice2_bd_v_proc_ss_0_0/bd_0/ip/ip_2/hdl/verilog/bd_f134_hsc_0_CTRL_s_axi.v" into library xil_defaultlib
INFO: [VRFC 10-311] analyzing module bd_f134_hsc_0_CTRL_s_axi
INFO: [VRFC 10-311] analyzing module bd_f134_hsc_0_CTRL_s_axi_ram
INFO: [VRFC 10-2263] Analyzing Verilog file "C:/GitHub/TheLegendOfSherby/jeu/Atelier2.ip_user_files/bd/Exercice2_bd/ip/Exercice2_bd_v_proc_ss_0_0/bd_0/ip/ip_2/hdl/verilog/bd_f134_hsc_0_fifo_w1_d2_S.v" into library xil_defaultlib
INFO: [VRFC 10-311] analyzing module bd_f134_hsc_0_fifo_w1_d2_S_shiftReg
INFO: [VRFC 10-311] analyzing module bd_f134_hsc_0_fifo_w1_d2_S
INFO: [VRFC 10-2263] Analyzing Verilog file "C:/GitHub/TheLegendOfSherby/jeu/Atelier2.ip_user_files/bd/Exercice2_bd/ip/Exercice2_bd_v_proc_ss_0_0/bd_0/ip/ip_2/hdl/verilog/bd_f134_hsc_0_fifo_w1_d6_S.v" into library xil_defaultlib
INFO: [VRFC 10-311] analyzing module bd_f134_hsc_0_fifo_w1_d6_S_shiftReg
INFO: [VRFC 10-311] analyzing module bd_f134_hsc_0_fifo_w1_d6_S
INFO: [VRFC 10-2263] Analyzing Verilog file "C:/GitHub/TheLegendOfSherby/jeu/Atelier2.ip_user_files/bd/Exercice2_bd/ip/Exercice2_bd_v_proc_ss_0_0/bd_0/ip/ip_2/hdl/verilog/bd_f134_hsc_0_fifo_w1_d7_S.v" into library xil_defaultlib
INFO: [VRFC 10-311] analyzing module bd_f134_hsc_0_fifo_w1_d7_S_shiftReg
INFO: [VRFC 10-311] analyzing module bd_f134_hsc_0_fifo_w1_d7_S
INFO: [VRFC 10-2263] Analyzing Verilog file "C:/GitHub/TheLegendOfSherby/jeu/Atelier2.ip_user_files/bd/Exercice2_bd/ip/Exercice2_bd_v_proc_ss_0_0/bd_0/ip/ip_2/hdl/verilog/bd_f134_hsc_0_fifo_w8_d2_S.v" into library xil_defaultlib
INFO: [VRFC 10-311] analyzing module bd_f134_hsc_0_fifo_w8_d2_S_shiftReg
INFO: [VRFC 10-311] analyzing module bd_f134_hsc_0_fifo_w8_d2_S
INFO: [VRFC 10-2263] Analyzing Verilog file "C:/GitHub/TheLegendOfSherby/jeu/Atelier2.ip_user_files/bd/Exercice2_bd/ip/Exercice2_bd_v_proc_ss_0_0/bd_0/ip/ip_2/hdl/verilog/bd_f134_hsc_0_fifo_w24_d16_S.v" into library xil_defaultlib
INFO: [VRFC 10-311] analyzing module bd_f134_hsc_0_fifo_w24_d16_S_shiftReg
INFO: [VRFC 10-311] analyzing module bd_f134_hsc_0_fifo_w24_d16_S
INFO: [VRFC 10-2263] Analyzing Verilog file "C:/GitHub/TheLegendOfSherby/jeu/Atelier2.ip_user_files/bd/Exercice2_bd/ip/Exercice2_bd_v_proc_ss_0_0/bd_0/ip/ip_2/hdl/verilog/bd_f134_hsc_0_hls_deadlock_detection_unit.v" into library xil_defaultlib
INFO: [VRFC 10-311] analyzing module bd_f134_hsc_0_hls_deadlock_detect_unit
INFO: [VRFC 10-2263] Analyzing Verilog file "C:/GitHub/TheLegendOfSherby/jeu/Atelier2.ip_user_files/bd/Exercice2_bd/ip/Exercice2_bd_v_proc_ss_0_0/bd_0/ip/ip_2/hdl/verilog/bd_f134_hsc_0_hscale_core_polyphase.v" into library xil_defaultlib
INFO: [VRFC 10-311] analyzing module bd_f134_hsc_0_hscale_core_polyphase
INFO: [VRFC 10-2263] Analyzing Verilog file "C:/GitHub/TheLegendOfSherby/jeu/Atelier2.ip_user_files/bd/Exercice2_bd/ip/Exercice2_bd_v_proc_ss_0_0/bd_0/ip/ip_2/hdl/verilog/bd_f134_hsc_0_hscale_core_polyphase_FiltCoeff_0_0.v" into library xil_defaultlib
INFO: [VRFC 10-311] analyzing module bd_f134_hsc_0_hscale_core_polyphase_FiltCoeff_0_0_ram
INFO: [VRFC 10-311] analyzing module bd_f134_hsc_0_hscale_core_polyphase_FiltCoeff_0_0
INFO: [VRFC 10-2263] Analyzing Verilog file "C:/GitHub/TheLegendOfSherby/jeu/Atelier2.ip_user_files/bd/Exercice2_bd/ip/Exercice2_bd_v_proc_ss_0_0/bd_0/ip/ip_2/hdl/verilog/bd_f134_hsc_0_hscale_polyphase.v" into library xil_defaultlib
INFO: [VRFC 10-311] analyzing module bd_f134_hsc_0_hscale_polyphase
INFO: [VRFC 10-2263] Analyzing Verilog file "C:/GitHub/TheLegendOfSherby/jeu/Atelier2.ip_user_files/bd/Exercice2_bd/ip/Exercice2_bd_v_proc_ss_0_0/bd_0/ip/ip_2/hdl/verilog/bd_f134_hsc_0_mac_muladd_8ns_16s_13ns_24_4_1.v" into library xil_defaultlib
INFO: [VRFC 10-311] analyzing module bd_f134_hsc_0_mac_muladd_8ns_16s_13ns_24_4_1_DSP48_0
INFO: [VRFC 10-311] analyzing module bd_f134_hsc_0_mac_muladd_8ns_16s_13ns_24_4_1
INFO: [VRFC 10-2263] Analyzing Verilog file "C:/GitHub/TheLegendOfSherby/jeu/Atelier2.ip_user_files/bd/Exercice2_bd/ip/Exercice2_bd_v_proc_ss_0_0/bd_0/ip/ip_2/hdl/verilog/bd_f134_hsc_0_mac_muladd_8ns_16s_24s_25_4_1.v" into library xil_defaultlib
INFO: [VRFC 10-311] analyzing module bd_f134_hsc_0_mac_muladd_8ns_16s_24s_25_4_1_DSP48_1
INFO: [VRFC 10-311] analyzing module bd_f134_hsc_0_mac_muladd_8ns_16s_24s_25_4_1
INFO: [VRFC 10-2263] Analyzing Verilog file "C:/GitHub/TheLegendOfSherby/jeu/Atelier2.ip_user_files/bd/Exercice2_bd/ip/Exercice2_bd_v_proc_ss_0_0/bd_0/ip/ip_2/hdl/verilog/bd_f134_hsc_0_mac_muladd_8ns_16s_25s_26_4_1.v" into library xil_defaultlib
INFO: [VRFC 10-311] analyzing module bd_f134_hsc_0_mac_muladd_8ns_16s_25s_26_4_1_DSP48_2
INFO: [VRFC 10-311] analyzing module bd_f134_hsc_0_mac_muladd_8ns_16s_25s_26_4_1
INFO: [VRFC 10-2263] Analyzing Verilog file "C:/GitHub/TheLegendOfSherby/jeu/Atelier2.ip_user_files/bd/Exercice2_bd/ip/Exercice2_bd_v_proc_ss_0_0/bd_0/ip/ip_2/hdl/verilog/bd_f134_hsc_0_mac_muladd_8ns_16s_26s_26_4_1.v" into library xil_defaultlib
INFO: [VRFC 10-311] analyzing module bd_f134_hsc_0_mac_muladd_8ns_16s_26s_26_4_1_DSP48_3
INFO: [VRFC 10-311] analyzing module bd_f134_hsc_0_mac_muladd_8ns_16s_26s_26_4_1
INFO: [VRFC 10-2263] Analyzing Verilog file "C:/GitHub/TheLegendOfSherby/jeu/Atelier2.ip_user_files/bd/Exercice2_bd/ip/Exercice2_bd_v_proc_ss_0_0/bd_0/ip/ip_2/hdl/verilog/bd_f134_hsc_0_mac_muladd_8ns_16s_26s_27_4_1.v" into library xil_defaultlib
INFO: [VRFC 10-311] analyzing module bd_f134_hsc_0_mac_muladd_8ns_16s_26s_27_4_1_DSP48_4
INFO: [VRFC 10-311] analyzing module bd_f134_hsc_0_mac_muladd_8ns_16s_26s_27_4_1
INFO: [VRFC 10-2263] Analyzing Verilog file "C:/GitHub/TheLegendOfSherby/jeu/Atelier2.ip_user_files/bd/Exercice2_bd/ip/Exercice2_bd_v_proc_ss_0_0/bd_0/ip/ip_2/hdl/verilog/bd_f134_hsc_0_mac_muladd_8ns_16s_27s_27_4_1.v" into library xil_defaultlib
INFO: [VRFC 10-311] analyzing module bd_f134_hsc_0_mac_muladd_8ns_16s_27s_27_4_1_DSP48_5
INFO: [VRFC 10-311] analyzing module bd_f134_hsc_0_mac_muladd_8ns_16s_27s_27_4_1
INFO: [VRFC 10-2263] Analyzing Verilog file "C:/GitHub/TheLegendOfSherby/jeu/Atelier2.ip_user_files/bd/Exercice2_bd/ip/Exercice2_bd_v_proc_ss_0_0/bd_0/ip/ip_2/hdl/verilog/bd_f134_hsc_0_MultiPixStream2AXIvideo.v" into library xil_defaultlib
INFO: [VRFC 10-311] analyzing module bd_f134_hsc_0_MultiPixStream2AXIvideo
INFO: [VRFC 10-2263] Analyzing Verilog file "C:/GitHub/TheLegendOfSherby/jeu/Atelier2.ip_user_files/bd/Exercice2_bd/ip/Exercice2_bd_v_proc_ss_0_0/bd_0/ip/ip_2/hdl/verilog/bd_f134_hsc_0_MultiPixStream2AXIvideo_mapComp.v" into library xil_defaultlib
INFO: [VRFC 10-311] analyzing module bd_f134_hsc_0_MultiPixStream2AXIvideo_mapComp_rom
INFO: [VRFC 10-311] analyzing module bd_f134_hsc_0_MultiPixStream2AXIvideo_mapComp
INFO: [VRFC 10-2263] Analyzing Verilog file "C:/GitHub/TheLegendOfSherby/jeu/Atelier2.ip_user_files/bd/Exercice2_bd/ip/Exercice2_bd_v_proc_ss_0_0/bd_0/ip/ip_2/hdl/verilog/bd_f134_hsc_0_mux_32_8_1_1.v" into library xil_defaultlib
INFO: [VRFC 10-311] analyzing module bd_f134_hsc_0_mux_32_8_1_1
INFO: [VRFC 10-2263] Analyzing Verilog file "C:/GitHub/TheLegendOfSherby/jeu/Atelier2.ip_user_files/bd/Exercice2_bd/ip/Exercice2_bd_v_proc_ss_0_0/bd_0/ip/ip_2/hdl/verilog/bd_f134_hsc_0_mux_83_8_1_1.v" into library xil_defaultlib
INFO: [VRFC 10-311] analyzing module bd_f134_hsc_0_mux_83_8_1_1
INFO: [VRFC 10-2263] Analyzing Verilog file "C:/GitHub/TheLegendOfSherby/jeu/Atelier2.ip_user_files/bd/Exercice2_bd/ip/Exercice2_bd_v_proc_ss_0_0/bd_0/ip/ip_2/hdl/verilog/bd_f134_hsc_0_reg_ap_uint_9_s.v" into library xil_defaultlib
INFO: [VRFC 10-311] analyzing module bd_f134_hsc_0_reg_ap_uint_9_s
INFO: [VRFC 10-2263] Analyzing Verilog file "C:/GitHub/TheLegendOfSherby/jeu/Atelier2.ip_user_files/bd/Exercice2_bd/ip/Exercice2_bd_v_proc_ss_0_0/bd_0/ip/ip_2/hdl/verilog/bd_f134_hsc_0_regslice_both.v" into library xil_defaultlib
INFO: [VRFC 10-311] analyzing module bd_f134_hsc_0_regslice_both
INFO: [VRFC 10-311] analyzing module bd_f134_hsc_0_regslice_both_w1
INFO: [VRFC 10-2263] Analyzing Verilog file "C:/GitHub/TheLegendOfSherby/jeu/Atelier2.ip_user_files/bd/Exercice2_bd/ip/Exercice2_bd_v_proc_ss_0_0/bd_0/ip/ip_2/hdl/verilog/bd_f134_hsc_0_start_for_AXIvideo2MultiPixStream_U0.v" into library xil_defaultlib
INFO: [VRFC 10-311] analyzing module bd_f134_hsc_0_start_for_AXIvideo2MultiPixStream_U0_shiftReg
INFO: [VRFC 10-311] analyzing module bd_f134_hsc_0_start_for_AXIvideo2MultiPixStream_U0
INFO: [VRFC 10-2263] Analyzing Verilog file "C:/GitHub/TheLegendOfSherby/jeu/Atelier2.ip_user_files/bd/Exercice2_bd/ip/Exercice2_bd_v_proc_ss_0_0/bd_0/ip/ip_2/hdl/verilog/bd_f134_hsc_0_start_for_Block_split1_proc_U0.v" into library xil_defaultlib
INFO: [VRFC 10-311] analyzing module bd_f134_hsc_0_start_for_Block_split1_proc_U0_shiftReg
INFO: [VRFC 10-311] analyzing module bd_f134_hsc_0_start_for_Block_split1_proc_U0
INFO: [VRFC 10-2263] Analyzing Verilog file "C:/GitHub/TheLegendOfSherby/jeu/Atelier2.ip_user_files/bd/Exercice2_bd/ip/Exercice2_bd_v_proc_ss_0_0/bd_0/ip/ip_2/hdl/verilog/bd_f134_hsc_0_start_for_MultiPixStream2AXIvideo_U0.v" into library xil_defaultlib
INFO: [VRFC 10-311] analyzing module bd_f134_hsc_0_start_for_MultiPixStream2AXIvideo_U0_shiftReg
INFO: [VRFC 10-311] analyzing module bd_f134_hsc_0_start_for_MultiPixStream2AXIvideo_U0
INFO: [VRFC 10-2263] Analyzing Verilog file "C:/GitHub/TheLegendOfSherby/jeu/Atelier2.ip_user_files/bd/Exercice2_bd/ip/Exercice2_bd_v_proc_ss_0_0/bd_0/ip/ip_2/hdl/verilog/bd_f134_hsc_0_start_for_v_hcresampler_core_U0.v" into library xil_defaultlib
INFO: [VRFC 10-311] analyzing module bd_f134_hsc_0_start_for_v_hcresampler_core_U0_shiftReg
INFO: [VRFC 10-311] analyzing module bd_f134_hsc_0_start_for_v_hcresampler_core_U0
INFO: [VRFC 10-2263] Analyzing Verilog file "C:/GitHub/TheLegendOfSherby/jeu/Atelier2.ip_user_files/bd/Exercice2_bd/ip/Exercice2_bd_v_proc_ss_0_0/bd_0/ip/ip_2/hdl/verilog/bd_f134_hsc_0_start_for_v_hscaler_entry32_U0.v" into library xil_defaultlib
INFO: [VRFC 10-311] analyzing module bd_f134_hsc_0_start_for_v_hscaler_entry32_U0_shiftReg
INFO: [VRFC 10-311] analyzing module bd_f134_hsc_0_start_for_v_hscaler_entry32_U0
INFO: [VRFC 10-2263] Analyzing Verilog file "C:/GitHub/TheLegendOfSherby/jeu/Atelier2.ip_user_files/bd/Exercice2_bd/ip/Exercice2_bd_v_proc_ss_0_0/bd_0/ip/ip_2/hdl/verilog/bd_f134_hsc_0_start_for_v_vcresampler_core_U0.v" into library xil_defaultlib
INFO: [VRFC 10-311] analyzing module bd_f134_hsc_0_start_for_v_vcresampler_core_U0_shiftReg
INFO: [VRFC 10-311] analyzing module bd_f134_hsc_0_start_for_v_vcresampler_core_U0
INFO: [VRFC 10-2263] Analyzing Verilog file "C:/GitHub/TheLegendOfSherby/jeu/Atelier2.ip_user_files/bd/Exercice2_bd/ip/Exercice2_bd_v_proc_ss_0_0/bd_0/ip/ip_2/hdl/verilog/bd_f134_hsc_0_v_hcresampler_core.v" into library xil_defaultlib
INFO: [VRFC 10-311] analyzing module bd_f134_hsc_0_v_hcresampler_core
INFO: [VRFC 10-2263] Analyzing Verilog file "C:/GitHub/TheLegendOfSherby/jeu/Atelier2.ip_user_files/bd/Exercice2_bd/ip/Exercice2_bd_v_proc_ss_0_0/bd_0/ip/ip_2/hdl/verilog/bd_f134_hsc_0_v_hcresampler_core26.v" into library xil_defaultlib
INFO: [VRFC 10-311] analyzing module bd_f134_hsc_0_v_hcresampler_core26
INFO: [VRFC 10-2263] Analyzing Verilog file "C:/GitHub/TheLegendOfSherby/jeu/Atelier2.ip_user_files/bd/Exercice2_bd/ip/Exercice2_bd_v_proc_ss_0_0/bd_0/ip/ip_2/hdl/verilog/bd_f134_hsc_0_v_hscaler_entry4.v" into library xil_defaultlib
INFO: [VRFC 10-311] analyzing module bd_f134_hsc_0_v_hscaler_entry4
INFO: [VRFC 10-2263] Analyzing Verilog file "C:/GitHub/TheLegendOfSherby/jeu/Atelier2.ip_user_files/bd/Exercice2_bd/ip/Exercice2_bd_v_proc_ss_0_0/bd_0/ip/ip_2/hdl/verilog/bd_f134_hsc_0_v_hscaler_entry32.v" into library xil_defaultlib
INFO: [VRFC 10-311] analyzing module bd_f134_hsc_0_v_hscaler_entry32
INFO: [VRFC 10-2263] Analyzing Verilog file "C:/GitHub/TheLegendOfSherby/jeu/Atelier2.ip_user_files/bd/Exercice2_bd/ip/Exercice2_bd_v_proc_ss_0_0/bd_0/ip/ip_2/hdl/verilog/bd_f134_hsc_0_v_vcresampler_core.v" into library xil_defaultlib
INFO: [VRFC 10-311] analyzing module bd_f134_hsc_0_v_vcresampler_core
INFO: [VRFC 10-2263] Analyzing Verilog file "C:/GitHub/TheLegendOfSherby/jeu/Atelier2.ip_user_files/bd/Exercice2_bd/ip/Exercice2_bd_v_proc_ss_0_0/bd_0/ip/ip_2/hdl/verilog/bd_f134_hsc_0_v_vcresampler_core_linebuf_c_val_V_0.v" into library xil_defaultlib
INFO: [VRFC 10-311] analyzing module bd_f134_hsc_0_v_vcresampler_core_linebuf_c_val_V_0_ram
INFO: [VRFC 10-311] analyzing module bd_f134_hsc_0_v_vcresampler_core_linebuf_c_val_V_0
INFO: [VRFC 10-2263] Analyzing Verilog file "C:/GitHub/TheLegendOfSherby/jeu/Atelier2.ip_user_files/bd/Exercice2_bd/ip/Exercice2_bd_v_proc_ss_0_0/bd_0/ip/ip_2/hdl/verilog/bd_f134_hsc_0_v_vcresampler_core_linebuf_y_val_V_0.v" into library xil_defaultlib
INFO: [VRFC 10-311] analyzing module bd_f134_hsc_0_v_vcresampler_core_linebuf_y_val_V_0_ram
INFO: [VRFC 10-311] analyzing module bd_f134_hsc_0_v_vcresampler_core_linebuf_y_val_V_0
INFO: [VRFC 10-2263] Analyzing Verilog file "C:/GitHub/TheLegendOfSherby/jeu/Atelier2.ip_user_files/bd/Exercice2_bd/ip/Exercice2_bd_v_proc_ss_0_0/bd_0/ip/ip_2/hdl/verilog/bd_f134_hsc_0_v_hscaler.v" into library xil_defaultlib
INFO: [VRFC 10-311] analyzing module bd_f134_hsc_0_v_hscaler
INFO: [VRFC 10-2263] Analyzing Verilog file "C:/GitHub/TheLegendOfSherby/jeu/Atelier2.ip_user_files/bd/Exercice2_bd/ip/Exercice2_bd_v_proc_ss_0_0/bd_0/ip/ip_2/sim/bd_f134_hsc_0.v" into library xil_defaultlib
INFO: [VRFC 10-311] analyzing module bd_f134_hsc_0
INFO: [VRFC 10-2263] Analyzing Verilog file "C:/GitHub/TheLegendOfSherby/jeu/Atelier2.ip_user_files/bd/Exercice2_bd/ip/Exercice2_bd_v_proc_ss_0_0/bd_0/ip/ip_3/hdl/tdata_bd_f134_input_size_set_0.v" into library xil_defaultlib
INFO: [VRFC 10-311] analyzing module tdata_bd_f134_input_size_set_0
INFO: [VRFC 10-2263] Analyzing Verilog file "C:/GitHub/TheLegendOfSherby/jeu/Atelier2.ip_user_files/bd/Exercice2_bd/ip/Exercice2_bd_v_proc_ss_0_0/bd_0/ip/ip_3/hdl/tuser_bd_f134_input_size_set_0.v" into library xil_defaultlib
INFO: [VRFC 10-311] analyzing module tuser_bd_f134_input_size_set_0
INFO: [VRFC 10-2263] Analyzing Verilog file "C:/GitHub/TheLegendOfSherby/jeu/Atelier2.ip_user_files/bd/Exercice2_bd/ip/Exercice2_bd_v_proc_ss_0_0/bd_0/ip/ip_3/hdl/tstrb_bd_f134_input_size_set_0.v" into library xil_defaultlib
INFO: [VRFC 10-311] analyzing module tstrb_bd_f134_input_size_set_0
INFO: [VRFC 10-2263] Analyzing Verilog file "C:/GitHub/TheLegendOfSherby/jeu/Atelier2.ip_user_files/bd/Exercice2_bd/ip/Exercice2_bd_v_proc_ss_0_0/bd_0/ip/ip_3/hdl/tkeep_bd_f134_input_size_set_0.v" into library xil_defaultlib
INFO: [VRFC 10-311] analyzing module tkeep_bd_f134_input_size_set_0
INFO: [VRFC 10-2263] Analyzing Verilog file "C:/GitHub/TheLegendOfSherby/jeu/Atelier2.ip_user_files/bd/Exercice2_bd/ip/Exercice2_bd_v_proc_ss_0_0/bd_0/ip/ip_3/hdl/tid_bd_f134_input_size_set_0.v" into library xil_defaultlib
INFO: [VRFC 10-311] analyzing module tid_bd_f134_input_size_set_0
INFO: [VRFC 10-2263] Analyzing Verilog file "C:/GitHub/TheLegendOfSherby/jeu/Atelier2.ip_user_files/bd/Exercice2_bd/ip/Exercice2_bd_v_proc_ss_0_0/bd_0/ip/ip_3/hdl/tdest_bd_f134_input_size_set_0.v" into library xil_defaultlib
INFO: [VRFC 10-311] analyzing module tdest_bd_f134_input_size_set_0
INFO: [VRFC 10-2263] Analyzing Verilog file "C:/GitHub/TheLegendOfSherby/jeu/Atelier2.ip_user_files/bd/Exercice2_bd/ip/Exercice2_bd_v_proc_ss_0_0/bd_0/ip/ip_3/hdl/tlast_bd_f134_input_size_set_0.v" into library xil_defaultlib
INFO: [VRFC 10-311] analyzing module tlast_bd_f134_input_size_set_0
INFO: [VRFC 10-2263] Analyzing Verilog file "C:/GitHub/TheLegendOfSherby/jeu/Atelier2.ip_user_files/bd/Exercice2_bd/ip/Exercice2_bd_v_proc_ss_0_0/bd_0/ip/ip_3/hdl/top_bd_f134_input_size_set_0.v" into library xil_defaultlib
INFO: [VRFC 10-311] analyzing module top_bd_f134_input_size_set_0
INFO: [VRFC 10-2263] Analyzing Verilog file "C:/GitHub/TheLegendOfSherby/jeu/Atelier2.ip_user_files/bd/Exercice2_bd/ip/Exercice2_bd_v_proc_ss_0_0/bd_0/ip/ip_3/sim/bd_f134_input_size_set_0.v" into library xil_defaultlib
INFO: [VRFC 10-311] analyzing module bd_f134_input_size_set_0
INFO: [VRFC 10-2263] Analyzing Verilog file "C:/GitHub/TheLegendOfSherby/jeu/Atelier2.ip_user_files/bd/Exercice2_bd/ip/Exercice2_bd_v_proc_ss_0_0/bd_0/ip/ip_6/sim/bd_f134_axis_register_slice_0_0.v" into library xil_defaultlib
INFO: [VRFC 10-311] analyzing module bd_f134_axis_register_slice_0_0
INFO: [VRFC 10-2263] Analyzing Verilog file "C:/GitHub/TheLegendOfSherby/jeu/Atelier2.ip_user_files/bd/Exercice2_bd/ip/Exercice2_bd_v_proc_ss_0_0/bd_0/ip/ip_7/sim/bd_f134_axis_fifo_0.v" into library xil_defaultlib
INFO: [VRFC 10-311] analyzing module bd_f134_axis_fifo_0
INFO: [VRFC 10-2263] Analyzing Verilog file "C:/GitHub/TheLegendOfSherby/jeu/Atelier2.ip_user_files/bd/Exercice2_bd/ip/Exercice2_bd_v_proc_ss_0_0/bd_0/ip/ip_8/sim/bd_f134_xlslice_0_0.v" into library xil_defaultlib
INFO: [VRFC 10-311] analyzing module bd_f134_xlslice_0_0
INFO: [VRFC 10-2263] Analyzing Verilog file "C:/GitHub/TheLegendOfSherby/jeu/Atelier2.ip_user_files/bd/Exercice2_bd/ip/Exercice2_bd_v_proc_ss_0_0/bd_0/ip/ip_9/sim/bd_f134_xlslice_1_0.v" into library xil_defaultlib
INFO: [VRFC 10-311] analyzing module bd_f134_xlslice_1_0
INFO: [VRFC 10-2263] Analyzing Verilog file "C:/GitHub/TheLegendOfSherby/jeu/Atelier2.ip_user_files/bd/Exercice2_bd/ip/Exercice2_bd_smartconnect_0_0/bd_0/ip/ip_0/sim/bd_8e83_one_0.v" into library xil_defaultlib
INFO: [VRFC 10-311] analyzing module bd_8e83_one_0
INFO: [VRFC 10-2263] Analyzing SystemVerilog file "C:/GitHub/TheLegendOfSherby/jeu/Atelier2.ip_user_files/bd/Exercice2_bd/ip/Exercice2_bd_smartconnect_0_0/bd_0/ip/ip_4/sim/bd_8e83_arinsw_0.sv" into library xil_defaultlib
INFO: [VRFC 10-311] analyzing module bd_8e83_arinsw_0
INFO: [VRFC 10-2263] Analyzing SystemVerilog file "C:/GitHub/TheLegendOfSherby/jeu/Atelier2.ip_user_files/bd/Exercice2_bd/ip/Exercice2_bd_smartconnect_0_0/bd_0/ip/ip_5/sim/bd_8e83_rinsw_0.sv" into library xil_defaultlib
INFO: [VRFC 10-311] analyzing module bd_8e83_rinsw_0
INFO: [VRFC 10-2263] Analyzing SystemVerilog file "C:/GitHub/TheLegendOfSherby/jeu/Atelier2.ip_user_files/bd/Exercice2_bd/ip/Exercice2_bd_smartconnect_0_0/bd_0/ip/ip_6/sim/bd_8e83_awinsw_0.sv" into library xil_defaultlib
INFO: [VRFC 10-311] analyzing module bd_8e83_awinsw_0
INFO: [VRFC 10-2263] Analyzing SystemVerilog file "C:/GitHub/TheLegendOfSherby/jeu/Atelier2.ip_user_files/bd/Exercice2_bd/ip/Exercice2_bd_smartconnect_0_0/bd_0/ip/ip_7/sim/bd_8e83_winsw_0.sv" into library xil_defaultlib
INFO: [VRFC 10-311] analyzing module bd_8e83_winsw_0
INFO: [VRFC 10-2263] Analyzing SystemVerilog file "C:/GitHub/TheLegendOfSherby/jeu/Atelier2.ip_user_files/bd/Exercice2_bd/ip/Exercice2_bd_smartconnect_0_0/bd_0/ip/ip_8/sim/bd_8e83_binsw_0.sv" into library xil_defaultlib
INFO: [VRFC 10-311] analyzing module bd_8e83_binsw_0
INFO: [VRFC 10-2263] Analyzing SystemVerilog file "C:/GitHub/TheLegendOfSherby/jeu/Atelier2.ip_user_files/bd/Exercice2_bd/ip/Exercice2_bd_smartconnect_0_0/bd_0/ip/ip_9/sim/bd_8e83_aroutsw_0.sv" into library xil_defaultlib
INFO: [VRFC 10-311] analyzing module bd_8e83_aroutsw_0
INFO: [VRFC 10-2263] Analyzing SystemVerilog file "C:/GitHub/TheLegendOfSherby/jeu/Atelier2.ip_user_files/bd/Exercice2_bd/ip/Exercice2_bd_smartconnect_0_0/bd_0/ip/ip_10/sim/bd_8e83_routsw_0.sv" into library xil_defaultlib
INFO: [VRFC 10-311] analyzing module bd_8e83_routsw_0
INFO: [VRFC 10-2263] Analyzing SystemVerilog file "C:/GitHub/TheLegendOfSherby/jeu/Atelier2.ip_user_files/bd/Exercice2_bd/ip/Exercice2_bd_smartconnect_0_0/bd_0/ip/ip_11/sim/bd_8e83_awoutsw_0.sv" into library xil_defaultlib
INFO: [VRFC 10-311] analyzing module bd_8e83_awoutsw_0
INFO: [VRFC 10-2263] Analyzing SystemVerilog file "C:/GitHub/TheLegendOfSherby/jeu/Atelier2.ip_user_files/bd/Exercice2_bd/ip/Exercice2_bd_smartconnect_0_0/bd_0/ip/ip_12/sim/bd_8e83_woutsw_0.sv" into library xil_defaultlib
INFO: [VRFC 10-311] analyzing module bd_8e83_woutsw_0
INFO: [VRFC 10-2263] Analyzing SystemVerilog file "C:/GitHub/TheLegendOfSherby/jeu/Atelier2.ip_user_files/bd/Exercice2_bd/ip/Exercice2_bd_smartconnect_0_0/bd_0/ip/ip_13/sim/bd_8e83_boutsw_0.sv" into library xil_defaultlib
INFO: [VRFC 10-311] analyzing module bd_8e83_boutsw_0
INFO: [VRFC 10-2263] Analyzing SystemVerilog file "C:/GitHub/TheLegendOfSherby/jeu/Atelier2.ip_user_files/bd/Exercice2_bd/ip/Exercice2_bd_smartconnect_0_0/bd_0/ip/ip_14/sim/bd_8e83_arni_0.sv" into library xil_defaultlib
INFO: [VRFC 10-311] analyzing module bd_8e83_arni_0
INFO: [VRFC 10-2263] Analyzing SystemVerilog file "C:/GitHub/TheLegendOfSherby/jeu/Atelier2.ip_user_files/bd/Exercice2_bd/ip/Exercice2_bd_smartconnect_0_0/bd_0/ip/ip_15/sim/bd_8e83_rni_0.sv" into library xil_defaultlib
INFO: [VRFC 10-311] analyzing module bd_8e83_rni_0
INFO: [VRFC 10-2263] Analyzing SystemVerilog file "C:/GitHub/TheLegendOfSherby/jeu/Atelier2.ip_user_files/bd/Exercice2_bd/ip/Exercice2_bd_smartconnect_0_0/bd_0/ip/ip_16/sim/bd_8e83_awni_0.sv" into library xil_defaultlib
INFO: [VRFC 10-311] analyzing module bd_8e83_awni_0
INFO: [VRFC 10-2263] Analyzing SystemVerilog file "C:/GitHub/TheLegendOfSherby/jeu/Atelier2.ip_user_files/bd/Exercice2_bd/ip/Exercice2_bd_smartconnect_0_0/bd_0/ip/ip_17/sim/bd_8e83_wni_0.sv" into library xil_defaultlib
INFO: [VRFC 10-311] analyzing module bd_8e83_wni_0
INFO: [VRFC 10-2263] Analyzing SystemVerilog file "C:/GitHub/TheLegendOfSherby/jeu/Atelier2.ip_user_files/bd/Exercice2_bd/ip/Exercice2_bd_smartconnect_0_0/bd_0/ip/ip_18/sim/bd_8e83_bni_0.sv" into library xil_defaultlib
INFO: [VRFC 10-311] analyzing module bd_8e83_bni_0
INFO: [VRFC 10-2263] Analyzing SystemVerilog file "C:/GitHub/TheLegendOfSherby/jeu/Atelier2.ip_user_files/bd/Exercice2_bd/ip/Exercice2_bd_smartconnect_0_0/bd_0/ip/ip_19/sim/bd_8e83_s00mmu_0.sv" into library xil_defaultlib
INFO: [VRFC 10-311] analyzing module bd_8e83_s00mmu_0
INFO: [VRFC 10-2263] Analyzing SystemVerilog file "C:/GitHub/TheLegendOfSherby/jeu/Atelier2.ip_user_files/bd/Exercice2_bd/ip/Exercice2_bd_smartconnect_0_0/bd_0/ip/ip_20/sim/bd_8e83_s00tr_0.sv" into library xil_defaultlib
INFO: [VRFC 10-311] analyzing module bd_8e83_s00tr_0
INFO: [VRFC 10-2263] Analyzing SystemVerilog file "C:/GitHub/TheLegendOfSherby/jeu/Atelier2.ip_user_files/bd/Exercice2_bd/ip/Exercice2_bd_smartconnect_0_0/bd_0/ip/ip_21/sim/bd_8e83_s00sic_0.sv" into library xil_defaultlib
INFO: [VRFC 10-311] analyzing module bd_8e83_s00sic_0
INFO: [VRFC 10-2263] Analyzing SystemVerilog file "C:/GitHub/TheLegendOfSherby/jeu/Atelier2.ip_user_files/bd/Exercice2_bd/ip/Exercice2_bd_smartconnect_0_0/bd_0/ip/ip_22/sim/bd_8e83_s00a2s_0.sv" into library xil_defaultlib
INFO: [VRFC 10-311] analyzing module bd_8e83_s00a2s_0
INFO: [VRFC 10-2263] Analyzing SystemVerilog file "C:/GitHub/TheLegendOfSherby/jeu/Atelier2.ip_user_files/bd/Exercice2_bd/ip/Exercice2_bd_smartconnect_0_0/bd_0/ip/ip_23/sim/bd_8e83_sarn_0.sv" into library xil_defaultlib
INFO: [VRFC 10-311] analyzing module bd_8e83_sarn_0
INFO: [VRFC 10-2263] Analyzing SystemVerilog file "C:/GitHub/TheLegendOfSherby/jeu/Atelier2.ip_user_files/bd/Exercice2_bd/ip/Exercice2_bd_smartconnect_0_0/bd_0/ip/ip_24/sim/bd_8e83_srn_0.sv" into library xil_defaultlib
INFO: [VRFC 10-311] analyzing module bd_8e83_srn_0
INFO: [VRFC 10-2263] Analyzing SystemVerilog file "C:/GitHub/TheLegendOfSherby/jeu/Atelier2.ip_user_files/bd/Exercice2_bd/ip/Exercice2_bd_smartconnect_0_0/bd_0/ip/ip_25/sim/bd_8e83_sawn_0.sv" into library xil_defaultlib
INFO: [VRFC 10-311] analyzing module bd_8e83_sawn_0
INFO: [VRFC 10-2263] Analyzing SystemVerilog file "C:/GitHub/TheLegendOfSherby/jeu/Atelier2.ip_user_files/bd/Exercice2_bd/ip/Exercice2_bd_smartconnect_0_0/bd_0/ip/ip_26/sim/bd_8e83_swn_0.sv" into library xil_defaultlib
INFO: [VRFC 10-311] analyzing module bd_8e83_swn_0
INFO: [VRFC 10-2263] Analyzing SystemVerilog file "C:/GitHub/TheLegendOfSherby/jeu/Atelier2.ip_user_files/bd/Exercice2_bd/ip/Exercice2_bd_smartconnect_0_0/bd_0/ip/ip_27/sim/bd_8e83_sbn_0.sv" into library xil_defaultlib
INFO: [VRFC 10-311] analyzing module bd_8e83_sbn_0
INFO: [VRFC 10-2263] Analyzing SystemVerilog file "C:/GitHub/TheLegendOfSherby/jeu/Atelier2.ip_user_files/bd/Exercice2_bd/ip/Exercice2_bd_smartconnect_0_0/bd_0/ip/ip_28/sim/bd_8e83_m00s2a_0.sv" into library xil_defaultlib
INFO: [VRFC 10-311] analyzing module bd_8e83_m00s2a_0
INFO: [VRFC 10-2263] Analyzing SystemVerilog file "C:/GitHub/TheLegendOfSherby/jeu/Atelier2.ip_user_files/bd/Exercice2_bd/ip/Exercice2_bd_smartconnect_0_0/bd_0/ip/ip_29/sim/bd_8e83_m00arn_0.sv" into library xil_defaultlib
INFO: [VRFC 10-311] analyzing module bd_8e83_m00arn_0
INFO: [VRFC 10-2263] Analyzing SystemVerilog file "C:/GitHub/TheLegendOfSherby/jeu/Atelier2.ip_user_files/bd/Exercice2_bd/ip/Exercice2_bd_smartconnect_0_0/bd_0/ip/ip_30/sim/bd_8e83_m00rn_0.sv" into library xil_defaultlib
INFO: [VRFC 10-311] analyzing module bd_8e83_m00rn_0
INFO: [VRFC 10-2263] Analyzing SystemVerilog file "C:/GitHub/TheLegendOfSherby/jeu/Atelier2.ip_user_files/bd/Exercice2_bd/ip/Exercice2_bd_smartconnect_0_0/bd_0/ip/ip_31/sim/bd_8e83_m00awn_0.sv" into library xil_defaultlib
INFO: [VRFC 10-311] analyzing module bd_8e83_m00awn_0
INFO: [VRFC 10-2263] Analyzing SystemVerilog file "C:/GitHub/TheLegendOfSherby/jeu/Atelier2.ip_user_files/bd/Exercice2_bd/ip/Exercice2_bd_smartconnect_0_0/bd_0/ip/ip_32/sim/bd_8e83_m00wn_0.sv" into library xil_defaultlib
INFO: [VRFC 10-311] analyzing module bd_8e83_m00wn_0
INFO: [VRFC 10-2263] Analyzing SystemVerilog file "C:/GitHub/TheLegendOfSherby/jeu/Atelier2.ip_user_files/bd/Exercice2_bd/ip/Exercice2_bd_smartconnect_0_0/bd_0/ip/ip_33/sim/bd_8e83_m00bn_0.sv" into library xil_defaultlib
INFO: [VRFC 10-311] analyzing module bd_8e83_m00bn_0
INFO: [VRFC 10-2263] Analyzing SystemVerilog file "C:/GitHub/TheLegendOfSherby/jeu/Atelier2.ip_user_files/bd/Exercice2_bd/ip/Exercice2_bd_smartconnect_0_0/bd_0/ip/ip_34/sim/bd_8e83_m00e_0.sv" into library xil_defaultlib
INFO: [VRFC 10-311] analyzing module bd_8e83_m00e_0
INFO: [VRFC 10-2263] Analyzing SystemVerilog file "C:/GitHub/TheLegendOfSherby/jeu/Atelier2.ip_user_files/bd/Exercice2_bd/ip/Exercice2_bd_smartconnect_0_0/bd_0/ip/ip_35/sim/bd_8e83_m01s2a_0.sv" into library xil_defaultlib
INFO: [VRFC 10-311] analyzing module bd_8e83_m01s2a_0
INFO: [VRFC 10-2263] Analyzing SystemVerilog file "C:/GitHub/TheLegendOfSherby/jeu/Atelier2.ip_user_files/bd/Exercice2_bd/ip/Exercice2_bd_smartconnect_0_0/bd_0/ip/ip_36/sim/bd_8e83_m01arn_0.sv" into library xil_defaultlib
INFO: [VRFC 10-311] analyzing module bd_8e83_m01arn_0
INFO: [VRFC 10-2263] Analyzing SystemVerilog file "C:/GitHub/TheLegendOfSherby/jeu/Atelier2.ip_user_files/bd/Exercice2_bd/ip/Exercice2_bd_smartconnect_0_0/bd_0/ip/ip_37/sim/bd_8e83_m01rn_0.sv" into library xil_defaultlib
INFO: [VRFC 10-311] analyzing module bd_8e83_m01rn_0
INFO: [VRFC 10-2263] Analyzing SystemVerilog file "C:/GitHub/TheLegendOfSherby/jeu/Atelier2.ip_user_files/bd/Exercice2_bd/ip/Exercice2_bd_smartconnect_0_0/bd_0/ip/ip_38/sim/bd_8e83_m01awn_0.sv" into library xil_defaultlib
INFO: [VRFC 10-311] analyzing module bd_8e83_m01awn_0
INFO: [VRFC 10-2263] Analyzing SystemVerilog file "C:/GitHub/TheLegendOfSherby/jeu/Atelier2.ip_user_files/bd/Exercice2_bd/ip/Exercice2_bd_smartconnect_0_0/bd_0/ip/ip_39/sim/bd_8e83_m01wn_0.sv" into library xil_defaultlib
INFO: [VRFC 10-311] analyzing module bd_8e83_m01wn_0
INFO: [VRFC 10-2263] Analyzing SystemVerilog file "C:/GitHub/TheLegendOfSherby/jeu/Atelier2.ip_user_files/bd/Exercice2_bd/ip/Exercice2_bd_smartconnect_0_0/bd_0/ip/ip_40/sim/bd_8e83_m01bn_0.sv" into library xil_defaultlib
INFO: [VRFC 10-311] analyzing module bd_8e83_m01bn_0
INFO: [VRFC 10-2263] Analyzing SystemVerilog file "C:/GitHub/TheLegendOfSherby/jeu/Atelier2.ip_user_files/bd/Exercice2_bd/ip/Exercice2_bd_smartconnect_0_0/bd_0/ip/ip_41/sim/bd_8e83_m01e_0.sv" into library xil_defaultlib
INFO: [VRFC 10-311] analyzing module bd_8e83_m01e_0
INFO: [VRFC 10-2263] Analyzing SystemVerilog file "C:/GitHub/TheLegendOfSherby/jeu/Atelier2.ip_user_files/bd/Exercice2_bd/ip/Exercice2_bd_smartconnect_0_0/bd_0/ip/ip_42/sim/bd_8e83_m02s2a_0.sv" into library xil_defaultlib
INFO: [VRFC 10-311] analyzing module bd_8e83_m02s2a_0
INFO: [VRFC 10-2263] Analyzing SystemVerilog file "C:/GitHub/TheLegendOfSherby/jeu/Atelier2.ip_user_files/bd/Exercice2_bd/ip/Exercice2_bd_smartconnect_0_0/bd_0/ip/ip_43/sim/bd_8e83_m02arn_0.sv" into library xil_defaultlib
INFO: [VRFC 10-311] analyzing module bd_8e83_m02arn_0
INFO: [VRFC 10-2263] Analyzing SystemVerilog file "C:/GitHub/TheLegendOfSherby/jeu/Atelier2.ip_user_files/bd/Exercice2_bd/ip/Exercice2_bd_smartconnect_0_0/bd_0/ip/ip_44/sim/bd_8e83_m02rn_0.sv" into library xil_defaultlib
INFO: [VRFC 10-311] analyzing module bd_8e83_m02rn_0
INFO: [VRFC 10-2263] Analyzing SystemVerilog file "C:/GitHub/TheLegendOfSherby/jeu/Atelier2.ip_user_files/bd/Exercice2_bd/ip/Exercice2_bd_smartconnect_0_0/bd_0/ip/ip_45/sim/bd_8e83_m02awn_0.sv" into library xil_defaultlib
INFO: [VRFC 10-311] analyzing module bd_8e83_m02awn_0
INFO: [VRFC 10-2263] Analyzing SystemVerilog file "C:/GitHub/TheLegendOfSherby/jeu/Atelier2.ip_user_files/bd/Exercice2_bd/ip/Exercice2_bd_smartconnect_0_0/bd_0/ip/ip_46/sim/bd_8e83_m02wn_0.sv" into library xil_defaultlib
INFO: [VRFC 10-311] analyzing module bd_8e83_m02wn_0
INFO: [VRFC 10-2263] Analyzing SystemVerilog file "C:/GitHub/TheLegendOfSherby/jeu/Atelier2.ip_user_files/bd/Exercice2_bd/ip/Exercice2_bd_smartconnect_0_0/bd_0/ip/ip_47/sim/bd_8e83_m02bn_0.sv" into library xil_defaultlib
INFO: [VRFC 10-311] analyzing module bd_8e83_m02bn_0
INFO: [VRFC 10-2263] Analyzing SystemVerilog file "C:/GitHub/TheLegendOfSherby/jeu/Atelier2.ip_user_files/bd/Exercice2_bd/ip/Exercice2_bd_smartconnect_0_0/bd_0/ip/ip_48/sim/bd_8e83_m02e_0.sv" into library xil_defaultlib
INFO: [VRFC 10-311] analyzing module bd_8e83_m02e_0
INFO: [VRFC 10-2263] Analyzing SystemVerilog file "C:/GitHub/TheLegendOfSherby/jeu/Atelier2.ip_user_files/bd/Exercice2_bd/ip/Exercice2_bd_smartconnect_0_0/bd_0/ip/ip_49/sim/bd_8e83_m03s2a_0.sv" into library xil_defaultlib
INFO: [VRFC 10-311] analyzing module bd_8e83_m03s2a_0
INFO: [VRFC 10-2263] Analyzing SystemVerilog file "C:/GitHub/TheLegendOfSherby/jeu/Atelier2.ip_user_files/bd/Exercice2_bd/ip/Exercice2_bd_smartconnect_0_0/bd_0/ip/ip_50/sim/bd_8e83_m03arn_0.sv" into library xil_defaultlib
INFO: [VRFC 10-311] analyzing module bd_8e83_m03arn_0
INFO: [VRFC 10-2263] Analyzing SystemVerilog file "C:/GitHub/TheLegendOfSherby/jeu/Atelier2.ip_user_files/bd/Exercice2_bd/ip/Exercice2_bd_smartconnect_0_0/bd_0/ip/ip_51/sim/bd_8e83_m03rn_0.sv" into library xil_defaultlib
INFO: [VRFC 10-311] analyzing module bd_8e83_m03rn_0
INFO: [VRFC 10-2263] Analyzing SystemVerilog file "C:/GitHub/TheLegendOfSherby/jeu/Atelier2.ip_user_files/bd/Exercice2_bd/ip/Exercice2_bd_smartconnect_0_0/bd_0/ip/ip_52/sim/bd_8e83_m03awn_0.sv" into library xil_defaultlib
INFO: [VRFC 10-311] analyzing module bd_8e83_m03awn_0
INFO: [VRFC 10-2263] Analyzing SystemVerilog file "C:/GitHub/TheLegendOfSherby/jeu/Atelier2.ip_user_files/bd/Exercice2_bd/ip/Exercice2_bd_smartconnect_0_0/bd_0/ip/ip_53/sim/bd_8e83_m03wn_0.sv" into library xil_defaultlib
INFO: [VRFC 10-311] analyzing module bd_8e83_m03wn_0
INFO: [VRFC 10-2263] Analyzing SystemVerilog file "C:/GitHub/TheLegendOfSherby/jeu/Atelier2.ip_user_files/bd/Exercice2_bd/ip/Exercice2_bd_smartconnect_0_0/bd_0/ip/ip_54/sim/bd_8e83_m03bn_0.sv" into library xil_defaultlib
INFO: [VRFC 10-311] analyzing module bd_8e83_m03bn_0
INFO: [VRFC 10-2263] Analyzing SystemVerilog file "C:/GitHub/TheLegendOfSherby/jeu/Atelier2.ip_user_files/bd/Exercice2_bd/ip/Exercice2_bd_smartconnect_0_0/bd_0/ip/ip_55/sim/bd_8e83_m03e_0.sv" into library xil_defaultlib
INFO: [VRFC 10-311] analyzing module bd_8e83_m03e_0
INFO: [VRFC 10-2263] Analyzing SystemVerilog file "C:/GitHub/TheLegendOfSherby/jeu/Atelier2.ip_user_files/bd/Exercice2_bd/ip/Exercice2_bd_smartconnect_0_0/bd_0/ip/ip_56/sim/bd_8e83_m04s2a_0.sv" into library xil_defaultlib
INFO: [VRFC 10-311] analyzing module bd_8e83_m04s2a_0
INFO: [VRFC 10-2263] Analyzing SystemVerilog file "C:/GitHub/TheLegendOfSherby/jeu/Atelier2.ip_user_files/bd/Exercice2_bd/ip/Exercice2_bd_smartconnect_0_0/bd_0/ip/ip_57/sim/bd_8e83_m04arn_0.sv" into library xil_defaultlib
INFO: [VRFC 10-311] analyzing module bd_8e83_m04arn_0
INFO: [VRFC 10-2263] Analyzing SystemVerilog file "C:/GitHub/TheLegendOfSherby/jeu/Atelier2.ip_user_files/bd/Exercice2_bd/ip/Exercice2_bd_smartconnect_0_0/bd_0/ip/ip_58/sim/bd_8e83_m04rn_0.sv" into library xil_defaultlib
INFO: [VRFC 10-311] analyzing module bd_8e83_m04rn_0
INFO: [VRFC 10-2263] Analyzing SystemVerilog file "C:/GitHub/TheLegendOfSherby/jeu/Atelier2.ip_user_files/bd/Exercice2_bd/ip/Exercice2_bd_smartconnect_0_0/bd_0/ip/ip_59/sim/bd_8e83_m04awn_0.sv" into library xil_defaultlib
INFO: [VRFC 10-311] analyzing module bd_8e83_m04awn_0
INFO: [VRFC 10-2263] Analyzing SystemVerilog file "C:/GitHub/TheLegendOfSherby/jeu/Atelier2.ip_user_files/bd/Exercice2_bd/ip/Exercice2_bd_smartconnect_0_0/bd_0/ip/ip_60/sim/bd_8e83_m04wn_0.sv" into library xil_defaultlib
INFO: [VRFC 10-311] analyzing module bd_8e83_m04wn_0
INFO: [VRFC 10-2263] Analyzing SystemVerilog file "C:/GitHub/TheLegendOfSherby/jeu/Atelier2.ip_user_files/bd/Exercice2_bd/ip/Exercice2_bd_smartconnect_0_0/bd_0/ip/ip_61/sim/bd_8e83_m04bn_0.sv" into library xil_defaultlib
INFO: [VRFC 10-311] analyzing module bd_8e83_m04bn_0
INFO: [VRFC 10-2263] Analyzing SystemVerilog file "C:/GitHub/TheLegendOfSherby/jeu/Atelier2.ip_user_files/bd/Exercice2_bd/ip/Exercice2_bd_smartconnect_0_0/bd_0/ip/ip_62/sim/bd_8e83_m04e_0.sv" into library xil_defaultlib
INFO: [VRFC 10-311] analyzing module bd_8e83_m04e_0
INFO: [VRFC 10-2263] Analyzing Verilog file "C:/GitHub/TheLegendOfSherby/jeu/Atelier2.ip_user_files/bd/Exercice2_bd/ip/Exercice2_bd_smartconnect_0_0/bd_0/sim/bd_8e83.v" into library xil_defaultlib
INFO: [VRFC 10-311] analyzing module bd_8e83
INFO: [VRFC 10-311] analyzing module clk_map_imp_1WY5SEQ
INFO: [VRFC 10-311] analyzing module i_nodes_imp_FZ1JP8
INFO: [VRFC 10-311] analyzing module m00_exit_pipeline_imp_84HQH
INFO: [VRFC 10-311] analyzing module m00_nodes_imp_MG1PLX
INFO: [VRFC 10-311] analyzing module m01_exit_pipeline_imp_6NFJ7T
INFO: [VRFC 10-311] analyzing module m01_nodes_imp_1L4UHZN
INFO: [VRFC 10-311] analyzing module s00_entry_pipeline_imp_10M9RRE
INFO: [VRFC 10-311] analyzing module s00_nodes_imp_15OTTQO
INFO: [VRFC 10-311] analyzing module switchboards_imp_1YEAH1G
INFO: [VRFC 10-2263] Analyzing Verilog file "C:/GitHub/TheLegendOfSherby/jeu/Atelier2.ip_user_files/bd/Exercice2_bd/ip/Exercice2_bd_smartconnect_0_0/sim/Exercice2_bd_smartconnect_0_0.v" into library xil_defaultlib
INFO: [VRFC 10-311] analyzing module Exercice2_bd_smartconnect_0_0
INFO: [VRFC 10-2263] Analyzing Verilog file "C:/GitHub/TheLegendOfSherby/jeu/Atelier2.gen/sources_1/bd/Exercice2_bd/ip/Exercice2_bd_PmodJSTK2_0_2/src/PmodJSTK2_pmod_bridge_0_0/src/pmod_concat.v" into library xil_defaultlib
INFO: [VRFC 10-311] analyzing module pmod_concat
INFO: [VRFC 10-2263] Analyzing Verilog file "C:/GitHub/TheLegendOfSherby/jeu/Atelier2.ip_user_files/bd/Exercice2_bd/ip/Exercice2_bd_PmodJSTK2_0_2/src/PmodJSTK2_pmod_bridge_0_0/sim/PmodJSTK2_pmod_bridge_0_0.v" into library xil_defaultlib
INFO: [VRFC 10-311] analyzing module PmodJSTK2_pmod_bridge_0_0
INFO: [VRFC 10-2263] Analyzing Verilog file "C:/GitHub/TheLegendOfSherby/jeu/Atelier2.gen/sources_1/bd/Exercice2_bd/ipshared/dfe7/src/PmodJSTK2.v" into library xil_defaultlib
INFO: [VRFC 10-311] analyzing module PmodJSTK2
INFO: [VRFC 10-2263] Analyzing Verilog file "C:/GitHub/TheLegendOfSherby/jeu/Atelier2.ip_user_files/bd/Exercice2_bd/ip/Exercice2_bd_PmodJSTK2_0_2/sim/Exercice2_bd_PmodJSTK2_0_2.v" into library xil_defaultlib
INFO: [VRFC 10-311] analyzing module Exercice2_bd_PmodJSTK2_0_2
INFO: [VRFC 10-2263] Analyzing Verilog file "C:/GitHub/TheLegendOfSherby/jeu/Atelier2.gen/sources_1/bd/Exercice2_bd/hdl/Exercice2_bd_wrapper.v" into library xil_defaultlib
INFO: [VRFC 10-311] analyzing module Exercice2_bd_wrapper
INFO: [VRFC 10-2263] Analyzing Verilog file "C:/GitHub/TheLegendOfSherby/jeu/Atelier2.sim/sim_1/behav/xsim/glbl.v" into library xil_defaultlib
INFO: [VRFC 10-311] analyzing module glbl
